2026-01-05 12:08:31,750 - __main__ - INFO - üåê API Server Logging Initialized
2026-01-05 12:08:31,754 - __main__ - INFO - üìù Logs saved to: logs/dq_api_20260105_120831.log
2026-01-05 12:08:31,902 - __main__ - INFO - APP_SETTINGS loaded. Audit enabled: True
2026-01-05 12:08:31,904 - __main__ - INFO - ‚úÖ All DQ modules loaded successfully
2026-01-05 12:08:31,909 - dq_error_log - INFO - ErrorLogger initialized with database: dq_checks
2026-01-05 12:08:31,910 - dq_audit - INFO - Audit class initialized with database: dq_checks
2026-01-05 12:08:31,911 - __main__ - INFO - ‚úÖ ErrorLogger and DataQualityAudit initialized
2026-01-05 12:08:31,923 - __main__ - INFO - üöÄ Starting Data Quality Framework API
2026-01-05 12:08:31,925 - __main__ - INFO - üìä Modules available: True
2026-01-05 12:08:31,927 - __main__ - INFO - üîß Config file mode: False
2026-01-05 12:08:31,929 - __main__ - INFO - üìã Available endpoints:
2026-01-05 12:08:31,929 - __main__ - INFO -   GET  /              - API status
2026-01-05 12:08:31,930 - __main__ - INFO -   GET  /api/health    - Health check
2026-01-05 12:08:31,931 - __main__ - INFO -   POST /api/check-single - Single source analysis
2026-01-05 12:08:31,932 - __main__ - INFO -   POST /api/compare   - Source-target comparison
2026-01-05 12:08:31,933 - __main__ - INFO -   POST /api/upload    - File upload
2026-01-05 12:08:31,934 - __main__ - INFO -   GET  /api/sessions  - List sessions
2026-01-05 12:08:31,935 - __main__ - INFO -   GET  /api/sessions/<id> - Get session data
2026-01-05 12:08:31,936 - __main__ - INFO -   GET  /api/debug-db  - Database debug
2026-01-05 12:08:31,936 - __main__ - INFO - üåç Server starting on 0.0.0.0:5000 (debug=False)
2026-01-05 12:09:56,030 - __main__ - INFO - GET /api/health - Request started
2026-01-05 12:09:56,033 - __main__ - INFO - Completed with status 200 in 0.002s
2026-01-05 12:09:58,102 - __main__ - INFO - POST /api/database-hierarchy - Request started
2026-01-05 12:09:58,105 - __main__ - INFO - Getting database hierarchy for mysql
2026-01-05 12:09:58,106 - __main__ - INFO - Database: Not provided
2026-01-05 12:09:58,109 - __main__ - INFO - Schema: Not provided
2026-01-05 12:09:58,110 - database_navigator - INFO - DatabaseNavigator initialized
2026-01-05 12:09:58,112 - __main__ - INFO - Connecting with config: {'host': 'localhost', 'port': 3306, 'user': 'root', 'password': 'root'}
2026-01-05 12:09:58,113 - database_navigator - INFO - Connecting to MYSQL...
2026-01-05 12:09:58,234 - database_navigator - INFO - Successfully connected to MYSQL!
2026-01-05 12:09:58,236 - __main__ - INFO - Getting databases list...
2026-01-05 12:09:58,239 - database_navigator - INFO - Found 13 databases
2026-01-05 12:09:58,240 - __main__ - INFO - Found 13 databases
2026-01-05 12:09:58,241 - __main__ - INFO - Completed with status 200 in 0.139s
2026-01-05 12:10:00,311 - __main__ - INFO - POST /api/database-hierarchy - Request started
2026-01-05 12:10:00,313 - __main__ - INFO - Getting database hierarchy for mysql
2026-01-05 12:10:00,315 - __main__ - INFO - Database: dq_checks
2026-01-05 12:10:00,317 - __main__ - INFO - Schema: Not provided
2026-01-05 12:10:00,319 - database_navigator - INFO - DatabaseNavigator initialized
2026-01-05 12:10:00,321 - __main__ - INFO - Connecting with config: {'host': 'localhost', 'port': 3306, 'user': 'root', 'password': 'root'}
2026-01-05 12:10:00,322 - database_navigator - INFO - Connecting to MYSQL...
2026-01-05 12:10:00,339 - database_navigator - INFO - Successfully connected to MYSQL!
2026-01-05 12:10:00,340 - __main__ - INFO - Getting schemas for database: dq_checks
2026-01-05 12:10:00,343 - database_navigator - INFO - Found 1 schemas
2026-01-05 12:10:00,344 - __main__ - INFO - Found 1 schemas
2026-01-05 12:10:00,347 - __main__ - INFO - Completed with status 200 in 0.036s
2026-01-05 12:10:02,391 - __main__ - INFO - POST /api/compare - Request started
2026-01-05 12:10:02,393 - __main__ - INFO - Comparison analysis request received
2026-01-05 12:10:02,394 - __main__ - INFO - Starting comparison for session CMP_20260105_121002
2026-01-05 12:10:02,396 - dq_comparison - INFO - Starting comparison analysis in UI mode
2026-01-05 12:10:02,396 - dq_comparison - INFO - LOADING SOURCE AND TARGET DATA
2026-01-05 12:10:02,397 - dq_comparison - INFO - 
==================================================
2026-01-05 12:10:02,398 - dq_comparison - INFO - üîó SOURCE DATA CONFIGURATION
2026-01-05 12:10:02,399 - dq_comparison - INFO - ==================================================
2026-01-05 12:10:02,412 - dq_comparison - INFO - SOURCE CSV loaded: 15 rows, 10 columns
2026-01-05 12:10:02,413 - dq_comparison - INFO - 
==================================================
2026-01-05 12:10:02,414 - dq_comparison - INFO - üîó TARGET DATA CONFIGURATION
2026-01-05 12:10:02,415 - dq_comparison - INFO - ==================================================
2026-01-05 12:10:02,419 - dq_comparison - INFO - TARGET CSV loaded: 15 rows, 10 columns
2026-01-05 12:10:02,420 - dq_comparison - INFO - Source data loaded: 15 rows, 10 columns
2026-01-05 12:10:02,420 - dq_comparison - INFO - Target data loaded: 15 rows, 10 columns
2026-01-05 12:10:02,421 - dq_comparison - INFO - SELECTING COLUMNS FOR COMPARISON
2026-01-05 12:10:02,422 - dq_comparison - INFO - Source columns (original): ['CustomerName', 'Email', 'Phone', 'Salary', 'Department', 'JoinDate', 'PostalCode', 'City', 'Country', 'State']
2026-01-05 12:10:02,422 - dq_comparison - INFO - Target columns (original): ['CustomerName', 'Email', 'Phone', 'Salary', 'Department', 'JoinDate', 'PostalCode', 'City', 'Country', 'State']
2026-01-05 12:10:02,422 - dq_comparison - INFO - Common columns lowercased: ['state', 'customername', 'postalcode', 'city', 'salary', 'joindate', 'country', 'phone', 'department', 'email']
2026-01-05 12:10:02,423 - dq_comparison - INFO - Found 10 common columns between source and target (case-insensitive, excluding CustomerID)
2026-01-05 12:10:02,424 - dq_comparison - INFO - User column selection input: all
2026-01-05 12:10:02,424 - dq_comparison - INFO - User selected ALL common columns for comparison
2026-01-05 12:10:02,425 - dq_comparison - INFO - Selected 10 columns for comparison: ['State', 'CustomerName', 'PostalCode', 'City', 'Salary']...
2026-01-05 12:10:02,425 - dq_comparison - INFO - GENERATING COMPREHENSIVE COMPARISON REPORT
2026-01-05 12:10:02,426 - dq_comparison - INFO - Report details - Source: CSV: sample_data.csv, Target: CSV: sample_data.csv, Selected columns: 10
2026-01-05 12:10:02,427 - dq_comparison - INFO - Initializing Error Logger...
2026-01-05 12:10:02,427 - dq_error_log - INFO - ErrorLogger initialized with database: dq_checks
2026-01-05 12:10:02,441 - dq_error_log - INFO - Database connection successful
2026-01-05 12:10:02,442 - dq_comparison - INFO - Session ID: CMP_20260105_121002
2026-01-05 12:10:02,443 - dq_comparison - INFO - ‚úÖ Row counts match: 15 rows
2026-01-05 12:10:02,444 - dq_comparison - INFO - Comparing column structures...
2026-01-05 12:10:02,444 - dq_comparison - INFO - Column structure comparison complete. Match: True
2026-01-05 12:10:02,445 - dq_comparison - INFO - Validating primary key/unique fields...
2026-01-05 12:10:02,445 - dq_comparison - INFO - Checking key fields: ['PostalCode']
2026-01-05 12:10:02,447 - dq_comparison - WARNING - Field 'PostalCode' has duplicates in source: 2 rows
2026-01-05 12:10:02,448 - dq_comparison - WARNING - Field 'PostalCode' has duplicates in target: 2 rows
2026-01-05 12:10:02,449 - dq_comparison - INFO - Primary key validation complete. Passed: False
2026-01-05 12:10:02,477 - dq_comparison - INFO - Comparing table-level metadata...
2026-01-05 12:10:02,489 - dq_comparison - INFO - Table metadata comparison complete. Match: True
2026-01-05 12:10:02,490 - dq_comparison - INFO - SECOND CHECK: HASH-BASED COMPARISON WITH PERFECT NORMALIZATION
2026-01-05 12:10:02,490 - dq_comparison - INFO - Source DF columns: ['CustomerName', 'Email', 'Phone', 'Salary', 'Department', 'JoinDate', 'PostalCode', 'City', 'Country', 'State']
2026-01-05 12:10:02,491 - dq_comparison - INFO - Target DF columns: ['CustomerName', 'Email', 'Phone', 'Salary', 'Department', 'JoinDate', 'PostalCode', 'City', 'Country', 'State']
2026-01-05 12:10:02,491 - dq_comparison - INFO - Selected columns for comparison: ['State', 'CustomerName', 'PostalCode', 'City', 'Salary', 'JoinDate', 'Country', 'Phone', 'Department', 'Email']
2026-01-05 12:10:02,493 - dq_comparison - INFO - Using 10 common columns for hash comparison
2026-01-05 12:10:02,493 - dq_comparison - INFO - Source columns: ['State', 'CustomerName', 'PostalCode', 'City', 'Salary', 'JoinDate', 'Country', 'Phone', 'Department', 'Email']
2026-01-05 12:10:02,493 - dq_comparison - INFO - Target columns: ['State', 'CustomerName', 'PostalCode', 'City', 'Salary', 'JoinDate', 'Country', 'Phone', 'Department', 'Email']
2026-01-05 12:10:02,493 - dq_comparison - INFO - Generating hashes for source data (15 rows)...
2026-01-05 12:10:02,499 - dq_comparison - INFO - Generating hashes for target data (15 rows)...
2026-01-05 12:10:02,506 - dq_comparison - INFO - Hash-based Comparison Results (with duplicate handling):
2026-01-05 12:10:02,507 - dq_comparison - INFO -   ‚Ä¢ Unique source hashes: 14
2026-01-05 12:10:02,507 - dq_comparison - INFO -   ‚Ä¢ Unique target hashes: 14
2026-01-05 12:10:02,509 - dq_comparison - INFO -   ‚Ä¢ Common hashes: 14
2026-01-05 12:10:02,509 - dq_comparison - INFO -   ‚Ä¢ Common rows (counting duplicates): 15
2026-01-05 12:10:02,510 - dq_comparison - INFO -   ‚Ä¢ Rows only in source (counting duplicates): 0
2026-01-05 12:10:02,510 - dq_comparison - INFO -   ‚Ä¢ Rows only in target (counting duplicates): 0
2026-01-05 12:10:02,511 - dq_comparison - INFO - PERFORMING DETAILED COLUMN-BY-COLUMN COMPARISON...
2026-01-05 12:10:02,511 - dq_comparison - INFO - Will compare 15 rows (min of source:15 and target:15)
2026-01-05 12:10:02,517 - dq_comparison - INFO - Found 0 column value mismatches across all rows
2026-01-05 12:10:02,518 - dq_comparison - INFO - Returning counts for simple scoring:
2026-01-05 12:10:02,519 - dq_comparison - INFO -   Common rows: 15
2026-01-05 12:10:02,519 - dq_comparison - INFO -   Unique to source: 0
2026-01-05 12:10:02,520 - dq_comparison - INFO -   Unique to target: 0
2026-01-05 12:10:02,520 - dq_comparison - INFO -   Value mismatches: 0
2026-01-05 12:10:02,521 - dq_comparison - INFO - Analyzing data quality metrics...
2026-01-05 12:10:02,532 - dq_comparison - INFO - Null values - Source: 6 (4.00%), Target: 6 (4.00%)
2026-01-05 12:10:02,535 - dq_comparison - INFO - Duplicate rows (normalized) - Source: 1, Target: 1
2026-01-05 12:10:02,536 - dq_comparison - INFO - Source duplicate samples: ['Row 2', 'Row 7']
2026-01-05 12:10:02,537 - dq_comparison - INFO - Target duplicate samples: ['Row 2', 'Row 7']
2026-01-05 12:10:02,550 - dq_error_log - INFO - Retrieved 2 errors for session CMP_20260105_121002
2026-01-05 12:10:02,551 - dq_comparison - INFO - 
üìä SIMPLE SCORING CALCULATION:
2026-01-05 12:10:02,552 - dq_comparison - INFO -   Source rows: 15
2026-01-05 12:10:02,553 - dq_comparison - INFO -   Common rows (matched): 15
2026-01-05 12:10:02,553 - dq_comparison - INFO -   Calculation: (15 / 15) * 100 = 100.00%
2026-01-05 12:10:02,554 - dq_comparison - INFO -   Explanation: 15 matched rows out of 15 total source rows
2026-01-05 12:10:02,555 - dq_comparison - INFO - 
=== AUDIT LOGGING SECTION ===
2026-01-05 12:10:02,556 - dq_comparison - INFO - üîç Audit logging is ENABLED in APP_SETTINGS
2026-01-05 12:10:02,556 - dq_audit - INFO - Audit class initialized with database: dq_checks
2026-01-05 12:10:02,557 - dq_comparison - INFO - Attempting to log audit record for session: CMP_20260105_121002
2026-01-05 12:10:02,557 - dq_audit - INFO - Starting database insertion for comparison...
2026-01-05 12:10:02,574 - dq_audit - INFO - Inserted comparison record with ID: 512
2026-01-05 12:10:02,575 - dq_comparison - INFO - ‚úÖ Audit record logged successfully (ID: 512)
2026-01-05 12:10:02,586 - dq_error_log - INFO - Retrieved 2 error logs for session CMP_20260105_121002
2026-01-05 12:10:02,599 - dq_error_log - INFO - Retrieved summary: 2 total errors for session CMP_20260105_121002
2026-01-05 12:10:02,599 - dq_audit - INFO - Audit class initialized with database: dq_checks
2026-01-05 12:10:02,612 - dq_audit - INFO - Retrieved 1 audit logs for session CMP_20260105_121002
2026-01-05 12:10:02,613 - dq_comparison - INFO - 
üîç Final results verification:
2026-01-05 12:10:02,614 - dq_comparison - INFO -    Session ID: CMP_20260105_121002
2026-01-05 12:10:02,615 - dq_comparison - INFO -    DQ Score (Simple %): 100.00%
2026-01-05 12:10:02,615 - dq_comparison - INFO -    Source rows: 15
2026-01-05 12:10:02,616 - dq_comparison - INFO -    Matched rows: 15
2026-01-05 12:10:02,616 - dq_comparison - INFO -    Calculation: (15 / 15) * 100
2026-01-05 12:10:02,617 - dq_comparison - INFO - Comparison analysis completed successfully
2026-01-05 12:10:02,633 - dq_audit - INFO - Retrieved 1 audit logs for session CMP_20260105_121002
2026-01-05 12:10:02,647 - dq_error_log - INFO - Retrieved 2 error logs for session CMP_20260105_121002
2026-01-05 12:10:02,661 - dq_error_log - INFO - Retrieved summary: 2 total errors for session CMP_20260105_121002
2026-01-05 12:10:02,663 - __main__ - INFO - Comparison completed for session CMP_20260105_121002
2026-01-05 12:10:02,664 - __main__ - INFO - Completed with status 200 in 0.274s
2026-01-05 12:10:04,740 - __main__ - INFO - POST /api/compare - Request started
2026-01-05 12:10:04,740 - __main__ - INFO - Comparison analysis request received
2026-01-05 12:10:04,742 - __main__ - INFO - Starting comparison for session CMP_20260105_121004
2026-01-05 12:10:04,744 - dq_comparison - INFO - Starting comparison analysis in UI mode
2026-01-05 12:10:04,744 - dq_comparison - INFO - LOADING SOURCE AND TARGET DATA
2026-01-05 12:10:04,745 - dq_comparison - INFO - 
==================================================
2026-01-05 12:10:04,745 - dq_comparison - INFO - üîó SOURCE DATA CONFIGURATION
2026-01-05 12:10:04,746 - dq_comparison - INFO - ==================================================
2026-01-05 12:10:04,746 - dq_comparison - INFO - 
üóÑÔ∏è SOURCE DATABASE CONFIGURATION
2026-01-05 12:10:04,747 - dq_comparison - INFO - ----------------------------------------
2026-01-05 12:10:04,748 - dq_comparison - INFO - UI mode: Using provided database configuration for SOURCE
2026-01-05 12:10:04,748 - dq_unified - INFO - Loading data from DATABASE
2026-01-05 12:10:04,748 - dq_unified - INFO - Loading large database table: customers
2026-01-05 12:10:04,750 - dq_unified - INFO - Normalized DB config with schema: dq_checks
2026-01-05 12:10:04,764 - dq_unified - INFO - MySQL table customers has 15 rows
2026-01-05 12:10:04,764 - dq_unified - INFO - Loading 15 rows from MySQL...
2026-01-05 12:10:05,659 - dq_unified - INFO - Loaded 15 rows from MySQL
2026-01-05 12:10:05,664 - dq_unified - INFO - Memory optimization: 0.0MB -> 0.0MB (Saved: 0.0MB)
2026-01-05 12:10:05,665 - dq_unified - INFO - Standardizing data types...
2026-01-05 12:10:05,668 - dq_unified - INFO - Data type standardization complete
2026-01-05 12:10:05,670 - dq_unified - INFO - Loaded 15 rows, 10 columns. Memory: 122.4MB total, 0.0MB for dataframe
2026-01-05 12:10:05,671 - dq_comparison - INFO - SOURCE database loaded: 15 rows, 10 columns
2026-01-05 12:10:05,671 - dq_comparison - INFO - 
==================================================
2026-01-05 12:10:05,672 - dq_comparison - INFO - üîó TARGET DATA CONFIGURATION
2026-01-05 12:10:05,673 - dq_comparison - INFO - ==================================================
2026-01-05 12:10:05,673 - dq_comparison - INFO - 
üóÑÔ∏è TARGET DATABASE CONFIGURATION
2026-01-05 12:10:05,673 - dq_comparison - INFO - ----------------------------------------
2026-01-05 12:10:05,674 - dq_comparison - INFO - UI mode: Using provided database configuration for TARGET
2026-01-05 12:10:05,675 - dq_unified - INFO - Loading data from DATABASE
2026-01-05 12:10:05,675 - dq_unified - INFO - Loading large database table: customers
2026-01-05 12:10:05,675 - dq_unified - INFO - Normalized DB config with schema: public
2026-01-05 12:10:05,893 - dq_unified - INFO - PostgreSQL table public.customers has 15 rows
2026-01-05 12:10:05,894 - dq_unified - INFO - Loading 15 rows from PostgreSQL...
2026-01-05 12:10:05,898 - dq_unified - INFO - Loaded 15 rows from PostgreSQL
2026-01-05 12:10:05,903 - dq_unified - INFO - Memory optimization: 0.0MB -> 0.0MB (Saved: 0.0MB)
2026-01-05 12:10:05,903 - dq_unified - INFO - Standardizing data types...
2026-01-05 12:10:05,905 - dq_unified - INFO - Data type standardization complete
2026-01-05 12:10:05,907 - dq_unified - INFO - Loaded 15 rows, 10 columns. Memory: 123.0MB total, 0.0MB for dataframe
2026-01-05 12:10:05,907 - dq_comparison - INFO - TARGET database loaded: 15 rows, 10 columns
2026-01-05 12:10:05,907 - dq_comparison - INFO - Source data loaded: 15 rows, 10 columns
2026-01-05 12:10:05,909 - dq_comparison - INFO - Target data loaded: 15 rows, 10 columns
2026-01-05 12:10:05,909 - dq_comparison - INFO - SELECTING COLUMNS FOR COMPARISON
2026-01-05 12:10:05,910 - dq_comparison - INFO - Source columns (original): ['CustomerName', 'Email', 'Phone', 'Salary', 'Department', 'JoinDate', 'PostalCode', 'City', 'Country', 'State']
2026-01-05 12:10:05,911 - dq_comparison - INFO - Target columns (original): ['customername', 'email', 'phone', 'salary', 'department', 'joindate', 'postalcode', 'city', 'country', 'state']
2026-01-05 12:10:05,912 - dq_comparison - INFO - Common columns lowercased: ['state', 'customername', 'postalcode', 'city', 'salary', 'joindate', 'country', 'phone', 'department', 'email']
2026-01-05 12:10:05,912 - dq_comparison - INFO - Found 10 common columns between source and target (case-insensitive, excluding CustomerID)
2026-01-05 12:10:05,913 - dq_comparison - INFO - User column selection input: id,name,email,phone,salary
2026-01-05 12:10:05,913 - dq_comparison - WARNING - Invalid column selection input, using all common columns. Error: invalid literal for int() with base 10: 'id'
2026-01-05 12:10:05,914 - dq_comparison - INFO - Selected 10 columns for comparison: ['State', 'CustomerName', 'PostalCode', 'City', 'Salary']...
2026-01-05 12:10:05,914 - dq_comparison - INFO - GENERATING COMPREHENSIVE COMPARISON REPORT
2026-01-05 12:10:05,915 - dq_comparison - INFO - Report details - Source: Database: mysql - dq_checks.customers, Target: Database: postgresql - dq_checks.customers, Selected columns: 10
2026-01-05 12:10:05,916 - dq_comparison - INFO - Initializing Error Logger...
2026-01-05 12:10:05,917 - dq_error_log - INFO - ErrorLogger initialized with database: dq_checks
2026-01-05 12:10:05,933 - dq_error_log - INFO - Database connection successful
2026-01-05 12:10:05,934 - dq_comparison - INFO - Session ID: CMP_20260105_121005
2026-01-05 12:10:05,936 - dq_comparison - INFO - ‚úÖ Row counts match: 15 rows
2026-01-05 12:10:05,936 - dq_comparison - INFO - Comparing column structures...
2026-01-05 12:10:05,937 - dq_comparison - INFO - Column structure comparison complete. Match: True
2026-01-05 12:10:05,938 - dq_comparison - INFO - Validating primary key/unique fields...
2026-01-05 12:10:05,938 - dq_comparison - INFO - Checking key fields: ['PostalCode']
2026-01-05 12:10:05,939 - dq_comparison - WARNING - No key fields found in both datasets
2026-01-05 12:10:05,954 - dq_comparison - INFO - Comparing table-level metadata...
2026-01-05 12:10:05,964 - dq_comparison - INFO - Table metadata comparison complete. Match: False
2026-01-05 12:10:05,965 - dq_comparison - INFO - SECOND CHECK: HASH-BASED COMPARISON WITH PERFECT NORMALIZATION
2026-01-05 12:10:05,966 - dq_comparison - INFO - Source DF columns: ['CustomerName', 'Email', 'Phone', 'Salary', 'Department', 'JoinDate', 'PostalCode', 'City', 'Country', 'State']
2026-01-05 12:10:05,966 - dq_comparison - INFO - Target DF columns: ['customername', 'email', 'phone', 'salary', 'department', 'joindate', 'postalcode', 'city', 'country', 'state']
2026-01-05 12:10:05,966 - dq_comparison - INFO - Selected columns for comparison: ['State', 'CustomerName', 'PostalCode', 'City', 'Salary', 'JoinDate', 'Country', 'Phone', 'Department', 'Email']
2026-01-05 12:10:05,967 - dq_comparison - INFO - Using 10 common columns for hash comparison
2026-01-05 12:10:05,968 - dq_comparison - INFO - Source columns: ['State', 'CustomerName', 'PostalCode', 'City', 'Salary', 'JoinDate', 'Country', 'Phone', 'Department', 'Email']
2026-01-05 12:10:05,969 - dq_comparison - INFO - Target columns: ['state', 'customername', 'postalcode', 'city', 'salary', 'joindate', 'country', 'phone', 'department', 'email']
2026-01-05 12:10:05,970 - dq_comparison - INFO - Generating hashes for source data (15 rows)...
2026-01-05 12:10:05,980 - dq_comparison - INFO - Generating hashes for target data (15 rows)...
2026-01-05 12:10:05,986 - dq_comparison - INFO - Hash-based Comparison Results (with duplicate handling):
2026-01-05 12:10:05,987 - dq_comparison - INFO -   ‚Ä¢ Unique source hashes: 14
2026-01-05 12:10:05,988 - dq_comparison - INFO -   ‚Ä¢ Unique target hashes: 14
2026-01-05 12:10:05,989 - dq_comparison - INFO -   ‚Ä¢ Common hashes: 14
2026-01-05 12:10:05,989 - dq_comparison - INFO -   ‚Ä¢ Common rows (counting duplicates): 15
2026-01-05 12:10:05,990 - dq_comparison - INFO -   ‚Ä¢ Rows only in source (counting duplicates): 0
2026-01-05 12:10:05,991 - dq_comparison - INFO -   ‚Ä¢ Rows only in target (counting duplicates): 0
2026-01-05 12:10:05,992 - dq_comparison - INFO - PERFORMING DETAILED COLUMN-BY-COLUMN COMPARISON...
2026-01-05 12:10:05,992 - dq_comparison - INFO - Will compare 15 rows (min of source:15 and target:15)
2026-01-05 12:10:06,000 - dq_comparison - INFO - Found 0 column value mismatches across all rows
2026-01-05 12:10:06,002 - dq_comparison - INFO - Returning counts for simple scoring:
2026-01-05 12:10:06,002 - dq_comparison - INFO -   Common rows: 15
2026-01-05 12:10:06,002 - dq_comparison - INFO -   Unique to source: 0
2026-01-05 12:10:06,002 - dq_comparison - INFO -   Unique to target: 0
2026-01-05 12:10:06,004 - dq_comparison - INFO -   Value mismatches: 0
2026-01-05 12:10:06,004 - dq_comparison - INFO - Analyzing data quality metrics...
2026-01-05 12:10:06,021 - dq_comparison - INFO - Null values - Source: 6 (4.00%), Target: 7 (4.67%)
2026-01-05 12:10:06,038 - dq_comparison - INFO - Duplicate rows (normalized) - Source: 1, Target: 1
2026-01-05 12:10:06,039 - dq_comparison - INFO - Source duplicate samples: ['Row 2', 'Row 7']
2026-01-05 12:10:06,041 - dq_comparison - INFO - Target duplicate samples: ['Row 2', 'Row 7']
2026-01-05 12:10:06,052 - dq_error_log - INFO - Retrieved 2 errors for session CMP_20260105_121005
2026-01-05 12:10:06,053 - dq_comparison - INFO - 
üìä SIMPLE SCORING CALCULATION:
2026-01-05 12:10:06,054 - dq_comparison - INFO -   Source rows: 15
2026-01-05 12:10:06,054 - dq_comparison - INFO -   Common rows (matched): 15
2026-01-05 12:10:06,055 - dq_comparison - INFO -   Calculation: (15 / 15) * 100 = 100.00%
2026-01-05 12:10:06,055 - dq_comparison - INFO -   Explanation: 15 matched rows out of 15 total source rows
2026-01-05 12:10:06,056 - dq_comparison - INFO - 
=== AUDIT LOGGING SECTION ===
2026-01-05 12:10:06,057 - dq_comparison - INFO - üîç Audit logging is ENABLED in APP_SETTINGS
2026-01-05 12:10:06,058 - dq_audit - INFO - Audit class initialized with database: dq_checks
2026-01-05 12:10:06,058 - dq_comparison - INFO - Attempting to log audit record for session: CMP_20260105_121005
2026-01-05 12:10:06,059 - dq_audit - INFO - Starting database insertion for comparison...
2026-01-05 12:10:06,076 - dq_audit - INFO - Inserted comparison record with ID: 513
2026-01-05 12:10:06,077 - dq_comparison - INFO - ‚úÖ Audit record logged successfully (ID: 513)
2026-01-05 12:10:06,092 - dq_error_log - INFO - Retrieved 2 error logs for session CMP_20260105_121005
2026-01-05 12:10:06,105 - dq_error_log - INFO - Retrieved summary: 2 total errors for session CMP_20260105_121005
2026-01-05 12:10:06,106 - dq_audit - INFO - Audit class initialized with database: dq_checks
2026-01-05 12:10:06,121 - dq_audit - INFO - Retrieved 1 audit logs for session CMP_20260105_121005
2026-01-05 12:10:06,121 - dq_comparison - INFO - 
üîç Final results verification:
2026-01-05 12:10:06,122 - dq_comparison - INFO -    Session ID: CMP_20260105_121005
2026-01-05 12:10:06,122 - dq_comparison - INFO -    DQ Score (Simple %): 100.00%
2026-01-05 12:10:06,123 - dq_comparison - INFO -    Source rows: 15
2026-01-05 12:10:06,123 - dq_comparison - INFO -    Matched rows: 15
2026-01-05 12:10:06,124 - dq_comparison - INFO -    Calculation: (15 / 15) * 100
2026-01-05 12:10:06,124 - dq_comparison - INFO - Comparison analysis completed successfully
2026-01-05 12:10:06,137 - dq_audit - INFO - Retrieved 1 audit logs for session CMP_20260105_121005
2026-01-05 12:10:06,150 - dq_error_log - INFO - Retrieved 2 error logs for session CMP_20260105_121005
2026-01-05 12:10:06,162 - dq_error_log - INFO - Retrieved summary: 2 total errors for session CMP_20260105_121005
2026-01-05 12:10:06,162 - __main__ - INFO - Comparison completed for session CMP_20260105_121004
2026-01-05 12:10:06,164 - __main__ - INFO - Completed with status 200 in 1.424s
2026-01-05 12:10:08,216 - __main__ - INFO - POST /api/compare - Request started
2026-01-05 12:10:08,217 - __main__ - INFO - Comparison analysis request received
2026-01-05 12:10:08,219 - __main__ - INFO - Starting comparison for session CMP_20260105_121008
2026-01-05 12:10:08,220 - dq_comparison - INFO - Starting comparison analysis in UI mode
2026-01-05 12:10:08,221 - dq_comparison - INFO - LOADING SOURCE AND TARGET DATA
2026-01-05 12:10:08,222 - dq_comparison - INFO - 
==================================================
2026-01-05 12:10:08,222 - dq_comparison - INFO - üîó SOURCE DATA CONFIGURATION
2026-01-05 12:10:08,223 - dq_comparison - INFO - ==================================================
2026-01-05 12:10:08,223 - input_handler - WARNING - Required field 'source_file_path' not provided in UI mode, using empty string
2026-01-05 12:10:08,225 - dq_comparison - ERROR - CSV file not found: 
2026-01-05 12:10:08,226 - dq_comparison - INFO - 
==================================================
2026-01-05 12:10:08,226 - dq_comparison - INFO - üîó TARGET DATA CONFIGURATION
2026-01-05 12:10:08,227 - dq_comparison - INFO - ==================================================
2026-01-05 12:10:08,228 - dq_comparison - ERROR - CSV file not found: test.csv
2026-01-05 12:10:08,229 - dq_comparison - ERROR - Failed to load source or target data
2026-01-05 12:10:08,230 - __main__ - WARNING - Comparison completed with errors: Failed to load source or target data
2026-01-05 12:10:08,231 - __main__ - INFO - Completed with status 200 in 0.015s
2026-01-05 12:10:10,299 - __main__ - INFO - POST /api/compare - Request started
2026-01-05 12:10:10,301 - __main__ - INFO - Comparison analysis request received
2026-01-05 12:10:10,303 - __main__ - INFO - Starting comparison for session CMP_20260105_121010
2026-01-05 12:10:10,304 - dq_comparison - INFO - Starting comparison analysis in UI mode
2026-01-05 12:10:10,305 - dq_comparison - INFO - LOADING SOURCE AND TARGET DATA
2026-01-05 12:10:10,307 - dq_comparison - INFO - 
==================================================
2026-01-05 12:10:10,308 - dq_comparison - INFO - üîó SOURCE DATA CONFIGURATION
2026-01-05 12:10:10,310 - dq_comparison - INFO - ==================================================
2026-01-05 12:10:10,311 - input_handler - WARNING - Required field 'source_file_path' not provided in UI mode, using empty string
2026-01-05 12:10:10,313 - dq_comparison - ERROR - CSV file not found: 
2026-01-05 12:10:10,315 - dq_comparison - INFO - 
==================================================
2026-01-05 12:10:10,316 - dq_comparison - INFO - üîó TARGET DATA CONFIGURATION
2026-01-05 12:10:10,316 - dq_comparison - INFO - ==================================================
2026-01-05 12:10:10,318 - dq_comparison - ERROR - CSV file not found: test.csv
2026-01-05 12:10:10,319 - dq_comparison - ERROR - Failed to load source or target data
2026-01-05 12:10:10,320 - __main__ - WARNING - Comparison completed with errors: Failed to load source or target data
2026-01-05 12:10:10,320 - __main__ - INFO - Completed with status 200 in 0.022s
2026-01-05 12:10:12,382 - __main__ - INFO - POST /api/compare - Request started
2026-01-05 12:10:12,384 - __main__ - INFO - Comparison analysis request received
2026-01-05 12:10:12,386 - __main__ - INFO - Starting comparison for session CMP_20260105_121012
2026-01-05 12:10:12,387 - dq_comparison - INFO - Starting comparison analysis in UI mode
2026-01-05 12:10:12,389 - dq_comparison - INFO - LOADING SOURCE AND TARGET DATA
2026-01-05 12:10:12,389 - dq_comparison - INFO - 
==================================================
2026-01-05 12:10:12,390 - dq_comparison - INFO - üîó SOURCE DATA CONFIGURATION
2026-01-05 12:10:12,391 - dq_comparison - INFO - ==================================================
2026-01-05 12:10:12,393 - dq_comparison - INFO - 
üóÑÔ∏è SOURCE DATABASE CONFIGURATION
2026-01-05 12:10:12,394 - dq_comparison - INFO - ----------------------------------------
2026-01-05 12:10:12,395 - dq_comparison - INFO - UI mode: Using provided database configuration for SOURCE
2026-01-05 12:10:12,395 - dq_unified - INFO - Loading data from DATABASE
2026-01-05 12:10:12,396 - dq_unified - INFO - Loading large database table: None
2026-01-05 12:10:12,397 - dq_unified - INFO - Normalized DB config with schema: dq_checks
2026-01-05 12:10:12,411 - dq_unified - ERROR - Error loading large database: 1146 (42S02): Table 'dq_checks.none' doesn't exist
Traceback (most recent call last):
  File "C:\Users\003160\AppData\Local\Programs\Python\Python312\Lib\site-packages\mysql\connector\connection_cext.py", line 705, in cmd_query
    self._cmysql.query(
_mysql_connector.MySQLInterfaceError: Table 'dq_checks.none' doesn't exist

The above exception was the direct cause of the following exception:

Traceback (most recent call last):
  File "C:\Users\003160\OneDrive - wisseninfotech.com\Documents\DQ-Checks-Shashi\Data_Quality_Framework\dq_unified.py", line 215, in load_large_database
    return LargeDatasetHandler._load_large_mysql(db_config, max_rows)
           ^^^^^^^^^^^^^^^^^^^^^^^^^^^^^^^^^^^^^^^^^^^^^^^^^^^^^^^^^^
  File "C:\Users\003160\OneDrive - wisseninfotech.com\Documents\DQ-Checks-Shashi\Data_Quality_Framework\dq_unified.py", line 327, in _load_large_mysql
    cursor.execute(f"SELECT COUNT(*) FROM {table}")
  File "C:\Users\003160\AppData\Local\Programs\Python\Python312\Lib\site-packages\mysql\connector\cursor_cext.py", line 357, in execute
    result = self._connection.cmd_query(
             ^^^^^^^^^^^^^^^^^^^^^^^^^^^
  File "C:\Users\003160\AppData\Local\Programs\Python\Python312\Lib\site-packages\mysql\connector\opentelemetry\context_propagation.py", line 97, in wrapper
    return method(cnx, *args, **kwargs)
           ^^^^^^^^^^^^^^^^^^^^^^^^^^^^
  File "C:\Users\003160\AppData\Local\Programs\Python\Python312\Lib\site-packages\mysql\connector\connection_cext.py", line 713, in cmd_query
    raise get_mysql_exception(
mysql.connector.errors.ProgrammingError: 1146 (42S02): Table 'dq_checks.none' doesn't exist
2026-01-05 12:10:12,435 - dq_unified - ERROR - Error loading data from database: 1146 (42S02): Table 'dq_checks.none' doesn't exist
Traceback (most recent call last):
  File "C:\Users\003160\AppData\Local\Programs\Python\Python312\Lib\site-packages\mysql\connector\connection_cext.py", line 705, in cmd_query
    self._cmysql.query(
_mysql_connector.MySQLInterfaceError: Table 'dq_checks.none' doesn't exist

The above exception was the direct cause of the following exception:

Traceback (most recent call last):
  File "C:\Users\003160\OneDrive - wisseninfotech.com\Documents\DQ-Checks-Shashi\Data_Quality_Framework\dq_unified.py", line 1226, in load_data_from_source
    df = LargeDatasetHandler.load_large_database(source_config, max_rows=max_rows)
         ^^^^^^^^^^^^^^^^^^^^^^^^^^^^^^^^^^^^^^^^^^^^^^^^^^^^^^^^^^^^^^^^^^^^^^^^^
  File "C:\Users\003160\OneDrive - wisseninfotech.com\Documents\DQ-Checks-Shashi\Data_Quality_Framework\dq_unified.py", line 215, in load_large_database
    return LargeDatasetHandler._load_large_mysql(db_config, max_rows)
           ^^^^^^^^^^^^^^^^^^^^^^^^^^^^^^^^^^^^^^^^^^^^^^^^^^^^^^^^^^
  File "C:\Users\003160\OneDrive - wisseninfotech.com\Documents\DQ-Checks-Shashi\Data_Quality_Framework\dq_unified.py", line 327, in _load_large_mysql
    cursor.execute(f"SELECT COUNT(*) FROM {table}")
  File "C:\Users\003160\AppData\Local\Programs\Python\Python312\Lib\site-packages\mysql\connector\cursor_cext.py", line 357, in execute
    result = self._connection.cmd_query(
             ^^^^^^^^^^^^^^^^^^^^^^^^^^^
  File "C:\Users\003160\AppData\Local\Programs\Python\Python312\Lib\site-packages\mysql\connector\opentelemetry\context_propagation.py", line 97, in wrapper
    return method(cnx, *args, **kwargs)
           ^^^^^^^^^^^^^^^^^^^^^^^^^^^^
  File "C:\Users\003160\AppData\Local\Programs\Python\Python312\Lib\site-packages\mysql\connector\connection_cext.py", line 713, in cmd_query
    raise get_mysql_exception(
mysql.connector.errors.ProgrammingError: 1146 (42S02): Table 'dq_checks.none' doesn't exist
2026-01-05 12:10:12,437 - dq_comparison - ERROR - No data loaded from SOURCE database
2026-01-05 12:10:12,439 - dq_comparison - INFO - 
==================================================
2026-01-05 12:10:12,439 - dq_comparison - INFO - üîó TARGET DATA CONFIGURATION
2026-01-05 12:10:12,440 - dq_comparison - INFO - ==================================================
2026-01-05 12:10:12,440 - dq_comparison - ERROR - CSV file not found: test.csv
2026-01-05 12:10:12,441 - dq_comparison - ERROR - Failed to load source or target data
2026-01-05 12:10:12,441 - __main__ - WARNING - Comparison completed with errors: Failed to load source or target data
2026-01-05 12:10:12,443 - __main__ - INFO - Completed with status 200 in 0.060s
2026-01-05 12:10:14,483 - __main__ - INFO - POST /api/compare - Request started
2026-01-05 12:10:14,484 - __main__ - INFO - Comparison analysis request received
2026-01-05 12:10:14,485 - __main__ - INFO - Starting comparison for session CMP_20260105_121014
2026-01-05 12:10:14,486 - dq_comparison - INFO - Starting comparison analysis in UI mode
2026-01-05 12:10:14,488 - dq_comparison - INFO - LOADING SOURCE AND TARGET DATA
2026-01-05 12:10:14,488 - dq_comparison - INFO - 
==================================================
2026-01-05 12:10:14,488 - dq_comparison - INFO - üîó SOURCE DATA CONFIGURATION
2026-01-05 12:10:14,489 - dq_comparison - INFO - ==================================================
2026-01-05 12:10:14,489 - dq_comparison - ERROR - CSV file not found: test.csv
2026-01-05 12:10:14,490 - dq_comparison - INFO - 
==================================================
2026-01-05 12:10:14,490 - dq_comparison - INFO - üîó TARGET DATA CONFIGURATION
2026-01-05 12:10:14,490 - dq_comparison - INFO - ==================================================
2026-01-05 12:10:14,491 - dq_comparison - ERROR - CSV file not found: test.csv
2026-01-05 12:10:14,491 - dq_comparison - ERROR - Failed to load source or target data
2026-01-05 12:10:14,492 - __main__ - WARNING - Comparison completed with errors: Failed to load source or target data
2026-01-05 12:10:14,493 - __main__ - INFO - Completed with status 200 in 0.010s
2026-01-05 12:10:16,543 - __main__ - INFO - POST /api/compare - Request started
2026-01-05 12:10:16,544 - __main__ - INFO - Comparison analysis request received
2026-01-05 12:10:16,545 - __main__ - INFO - Starting comparison for session CMP_20260105_121016
2026-01-05 12:10:16,547 - dq_comparison - INFO - Starting comparison analysis in UI mode
2026-01-05 12:10:16,547 - dq_comparison - INFO - LOADING SOURCE AND TARGET DATA
2026-01-05 12:10:16,548 - dq_comparison - INFO - 
==================================================
2026-01-05 12:10:16,549 - dq_comparison - INFO - üîó SOURCE DATA CONFIGURATION
2026-01-05 12:10:16,549 - dq_comparison - INFO - ==================================================
2026-01-05 12:10:16,847 - dq_comparison - INFO - SOURCE CSV loaded: 89,999 rows, 12 columns
2026-01-05 12:10:16,848 - dq_comparison - INFO - 
==================================================
2026-01-05 12:10:16,849 - dq_comparison - INFO - üîó TARGET DATA CONFIGURATION
2026-01-05 12:10:16,851 - dq_comparison - INFO - ==================================================
2026-01-05 12:10:17,153 - dq_comparison - INFO - TARGET CSV loaded: 89,999 rows, 12 columns
2026-01-05 12:10:17,153 - dq_comparison - INFO - Source data loaded: 89999 rows, 12 columns
2026-01-05 12:10:17,154 - dq_comparison - INFO - Target data loaded: 89999 rows, 12 columns
2026-01-05 12:10:17,156 - dq_comparison - INFO - SELECTING COLUMNS FOR COMPARISON
2026-01-05 12:10:17,156 - dq_comparison - INFO - Source columns (original): ['id', 'customer_id', 'transaction_id', 'customer_name', 'email', 'phone', 'transaction_date', 'amount', 'quantity', 'age', 'status', 'description']
2026-01-05 12:10:17,156 - dq_comparison - INFO - Target columns (original): ['id', 'customer_id', 'transaction_id', 'customer_name', 'email', 'phone', 'transaction_date', 'amount', 'quantity', 'age', 'status', 'description']
2026-01-05 12:10:17,157 - dq_comparison - INFO - Common columns lowercased: ['status', 'transaction_date', 'description', 'id', 'customer_name', 'transaction_id', 'phone', 'quantity', 'customer_id', 'age', 'email', 'amount']
2026-01-05 12:10:17,158 - dq_comparison - INFO - Found 12 common columns between source and target (case-insensitive, excluding CustomerID)
2026-01-05 12:10:17,158 - dq_comparison - INFO - User column selection input: all
2026-01-05 12:10:17,160 - dq_comparison - INFO - User selected ALL common columns for comparison
2026-01-05 12:10:17,161 - dq_comparison - INFO - Selected 12 columns for comparison: ['status', 'transaction_date', 'description', 'id', 'customer_name']...
2026-01-05 12:10:17,161 - dq_comparison - INFO - GENERATING COMPREHENSIVE COMPARISON REPORT
2026-01-05 12:10:17,163 - dq_comparison - INFO - Report details - Source: CSV: source_data_90k.csv, Target: CSV: source_data_90k.csv, Selected columns: 12
2026-01-05 12:10:17,163 - dq_comparison - INFO - Initializing Error Logger...
2026-01-05 12:10:17,163 - dq_error_log - INFO - ErrorLogger initialized with database: dq_checks
2026-01-05 12:10:17,176 - dq_error_log - INFO - Database connection successful
2026-01-05 12:10:17,176 - dq_comparison - INFO - Session ID: CMP_20260105_121017
2026-01-05 12:10:17,176 - dq_comparison - INFO - ‚úÖ Row counts match: 89,999 rows
2026-01-05 12:10:17,177 - dq_comparison - INFO - Comparing column structures...
2026-01-05 12:10:17,178 - dq_comparison - INFO - Column structure comparison complete. Match: True
2026-01-05 12:10:17,178 - dq_comparison - INFO - Validating primary key/unique fields...
2026-01-05 12:10:17,179 - dq_comparison - INFO - Checking key fields: ['id', 'customer_id']
2026-01-05 12:10:17,188 - dq_comparison - WARNING - Field 'id' has duplicates in source: 406 rows
2026-01-05 12:10:17,188 - dq_comparison - WARNING - Field 'id' has duplicates in target: 406 rows
2026-01-05 12:10:17,220 - dq_comparison - WARNING - Field 'customer_id' has duplicates in source: 804 rows
2026-01-05 12:10:17,221 - dq_comparison - WARNING - Field 'customer_id' has duplicates in target: 804 rows
2026-01-05 12:10:17,221 - dq_comparison - INFO - Primary key validation complete. Passed: False
2026-01-05 12:10:17,272 - dq_comparison - INFO - Comparing table-level metadata...
2026-01-05 12:10:18,423 - dq_comparison - INFO - Table metadata comparison complete. Match: True
2026-01-05 12:10:18,425 - dq_comparison - INFO - SECOND CHECK: HASH-BASED COMPARISON WITH PERFECT NORMALIZATION
2026-01-05 12:10:18,426 - dq_comparison - INFO - Source DF columns: ['id', 'customer_id', 'transaction_id', 'customer_name', 'email', 'phone', 'transaction_date', 'amount', 'quantity', 'age', 'status', 'description']
2026-01-05 12:10:18,427 - dq_comparison - INFO - Target DF columns: ['id', 'customer_id', 'transaction_id', 'customer_name', 'email', 'phone', 'transaction_date', 'amount', 'quantity', 'age', 'status', 'description']
2026-01-05 12:10:18,427 - dq_comparison - INFO - Selected columns for comparison: ['status', 'transaction_date', 'description', 'id', 'customer_name', 'transaction_id', 'phone', 'quantity', 'customer_id', 'age', 'email', 'amount']
2026-01-05 12:10:18,428 - dq_comparison - INFO - Using 12 common columns for hash comparison
2026-01-05 12:10:18,428 - dq_comparison - INFO - Source columns: ['status', 'transaction_date', 'description', 'id', 'customer_name', 'transaction_id', 'phone', 'quantity', 'customer_id', 'age', 'email', 'amount']
2026-01-05 12:10:18,429 - dq_comparison - INFO - Target columns: ['status', 'transaction_date', 'description', 'id', 'customer_name', 'transaction_id', 'phone', 'quantity', 'customer_id', 'age', 'email', 'amount']
2026-01-05 12:10:18,430 - dq_comparison - INFO - Generating hashes for source data (89999 rows)...
2026-01-05 12:10:41,194 - dq_comparison - INFO - Generating hashes for target data (89999 rows)...
2026-01-05 12:11:13,963 - dq_comparison - INFO - Hash-based Comparison Results (with duplicate handling):
2026-01-05 12:11:13,964 - dq_comparison - INFO -   ‚Ä¢ Unique source hashes: 89796
2026-01-05 12:11:13,967 - dq_comparison - INFO -   ‚Ä¢ Unique target hashes: 89796
2026-01-05 12:11:13,968 - dq_comparison - INFO -   ‚Ä¢ Common hashes: 89796
2026-01-05 12:11:13,969 - dq_comparison - INFO -   ‚Ä¢ Common rows (counting duplicates): 89,999
2026-01-05 12:11:13,969 - dq_comparison - INFO -   ‚Ä¢ Rows only in source (counting duplicates): 0
2026-01-05 12:11:13,970 - dq_comparison - INFO -   ‚Ä¢ Rows only in target (counting duplicates): 0
2026-01-05 12:11:14,043 - dq_comparison - INFO - PERFORMING DETAILED COLUMN-BY-COLUMN COMPARISON...
2026-01-05 12:11:14,043 - dq_comparison - INFO - Will compare 89999 rows (min of source:89999 and target:89999)
2026-01-05 12:12:13,774 - dq_comparison - INFO - Found 0 column value mismatches across all rows
2026-01-05 12:12:13,775 - dq_comparison - INFO - Returning counts for simple scoring:
2026-01-05 12:12:13,776 - dq_comparison - INFO -   Common rows: 89,999
2026-01-05 12:12:13,777 - dq_comparison - INFO -   Unique to source: 0
2026-01-05 12:12:13,778 - dq_comparison - INFO -   Unique to target: 0
2026-01-05 12:12:13,778 - dq_comparison - INFO -   Value mismatches: 0
2026-01-05 12:12:13,844 - dq_comparison - INFO - Analyzing data quality metrics...
2026-01-05 12:12:39,567 - dq_comparison - INFO - Null values - Source: 7439 (0.69%), Target: 7439 (0.69%)
2026-01-05 12:12:40,074 - dq_comparison - INFO - Duplicate rows (normalized) - Source: 203, Target: 203
2026-01-05 12:12:40,369 - dq_comparison - INFO - Source duplicate samples: ['Row 169', 'Row 383', 'Row 639']
2026-01-05 12:12:40,617 - dq_comparison - INFO - Target duplicate samples: ['Row 169', 'Row 383', 'Row 639']
2026-01-05 12:12:40,686 - dq_error_log - INFO - Retrieved 4 errors for session CMP_20260105_121017
2026-01-05 12:12:40,687 - dq_comparison - INFO - 
üìä SIMPLE SCORING CALCULATION:
2026-01-05 12:12:40,688 - dq_comparison - INFO -   Source rows: 89999
2026-01-05 12:12:40,689 - dq_comparison - INFO -   Common rows (matched): 89999
2026-01-05 12:12:40,689 - dq_comparison - INFO -   Calculation: (89999 / 89999) * 100 = 100.00%
2026-01-05 12:12:40,690 - dq_comparison - INFO -   Explanation: 89999 matched rows out of 89999 total source rows
2026-01-05 12:12:40,691 - dq_comparison - INFO - 
=== AUDIT LOGGING SECTION ===
2026-01-05 12:12:40,692 - dq_comparison - INFO - üîç Audit logging is ENABLED in APP_SETTINGS
2026-01-05 12:12:40,693 - dq_audit - INFO - Audit class initialized with database: dq_checks
2026-01-05 12:12:40,694 - dq_comparison - INFO - Attempting to log audit record for session: CMP_20260105_121017
2026-01-05 12:12:40,696 - dq_audit - INFO - Starting database insertion for comparison...
2026-01-05 12:12:40,720 - dq_audit - INFO - Inserted comparison record with ID: 514
2026-01-05 12:12:40,721 - dq_comparison - INFO - ‚úÖ Audit record logged successfully (ID: 514)
2026-01-05 12:12:40,736 - dq_error_log - INFO - Retrieved 4 error logs for session CMP_20260105_121017
2026-01-05 12:12:40,751 - dq_error_log - INFO - Retrieved summary: 4 total errors for session CMP_20260105_121017
2026-01-05 12:12:40,752 - dq_audit - INFO - Audit class initialized with database: dq_checks
2026-01-05 12:12:40,767 - dq_audit - INFO - Retrieved 1 audit logs for session CMP_20260105_121017
2026-01-05 12:12:40,768 - dq_comparison - INFO - 
üîç Final results verification:
2026-01-05 12:12:40,768 - dq_comparison - INFO -    Session ID: CMP_20260105_121017
2026-01-05 12:12:40,770 - dq_comparison - INFO -    DQ Score (Simple %): 100.00%
2026-01-05 12:12:40,770 - dq_comparison - INFO -    Source rows: 89999
2026-01-05 12:12:40,770 - dq_comparison - INFO -    Matched rows: 89999
2026-01-05 12:12:40,771 - dq_comparison - INFO -    Calculation: (89999 / 89999) * 100
2026-01-05 12:12:40,771 - dq_comparison - INFO - Comparison analysis completed successfully
2026-01-05 12:12:40,800 - dq_audit - INFO - Retrieved 1 audit logs for session CMP_20260105_121017
2026-01-05 12:12:40,812 - dq_error_log - INFO - Retrieved 4 error logs for session CMP_20260105_121017
2026-01-05 12:12:40,827 - dq_error_log - INFO - Retrieved summary: 4 total errors for session CMP_20260105_121017
2026-01-05 12:12:40,828 - __main__ - INFO - Comparison completed for session CMP_20260105_121016
2026-01-05 12:12:40,830 - __main__ - INFO - Completed with status 200 in 144.287s
