2026-01-16 16:39:53,050 - __main__ - INFO - üåê API Server Logging Initialized
2026-01-16 16:39:53,054 - __main__ - INFO - üìù Logs saved to: logs/dq_api_20260116_163953.log
2026-01-16 16:39:53,212 - dq_rules - WARNING - Could not load config from database: name 'get_db_connection' is not defined
2026-01-16 16:39:53,217 - __main__ - INFO - APP_SETTINGS loaded. Audit enabled: True
2026-01-16 16:39:53,218 - __main__ - INFO - ‚úÖ All DQ modules loaded successfully
2026-01-16 16:39:53,222 - dq_error_log - INFO - ErrorLogger initialized with database: dq_checks
2026-01-16 16:39:53,226 - dq_audit - INFO - Audit class initialized with database: dq_checks
2026-01-16 16:39:53,227 - __main__ - INFO - ‚úÖ ErrorLogger and DataQualityAudit initialized
2026-01-16 16:39:53,264 - __main__ - INFO - üöÄ Starting Data Quality Framework API
2026-01-16 16:39:53,265 - __main__ - INFO - üìä Modules available: True
2026-01-16 16:39:53,266 - __main__ - INFO - üîß Config file mode: False
2026-01-16 16:39:53,267 - __main__ - INFO - üìã Available endpoints:
2026-01-16 16:39:53,268 - __main__ - INFO -   GET  /              - API status
2026-01-16 16:39:53,268 - __main__ - INFO -   GET  /api/health    - Health check
2026-01-16 16:39:53,270 - __main__ - INFO -   POST /api/check-single - Single source analysis
2026-01-16 16:39:53,271 - __main__ - INFO -   POST /api/compare   - Source-target comparison
2026-01-16 16:39:53,272 - __main__ - INFO -   GET  /api/compare/{id} - Get comparison results
2026-01-16 16:39:53,273 - __main__ - INFO -   GET  /api/compare/{id}/mismatches - Paginated mismatches
2026-01-16 16:39:53,275 - __main__ - INFO -   GET  /api/compare/{id}/rows/source_only - Source-only rows
2026-01-16 16:39:53,276 - __main__ - INFO -   GET  /api/compare/{id}/rows/target_only - Target-only rows
2026-01-16 16:39:53,277 - __main__ - INFO -   GET  /api/compare/{id}/rows/count - Row counts
2026-01-16 16:39:53,278 - __main__ - INFO -   POST /api/upload    - File upload
2026-01-16 16:39:53,279 - __main__ - INFO -   GET  /api/sessions  - List sessions
2026-01-16 16:39:53,280 - __main__ - INFO -   GET  /api/sessions/<id> - Get session data
2026-01-16 16:39:53,280 - __main__ - INFO -   GET  /api/debug-db  - Database debug
2026-01-16 16:39:53,281 - __main__ - INFO - üåç Server starting on 0.0.0.0:5000 (debug=False)
2026-01-16 16:40:51,083 - __main__ - INFO - POST /api/database-hierarchy - Request started
2026-01-16 16:40:51,084 - __main__ - INFO - Getting database hierarchy for mysql
2026-01-16 16:40:51,085 - __main__ - INFO - Database: Not provided
2026-01-16 16:40:51,086 - __main__ - INFO - Schema: Not provided
2026-01-16 16:40:51,087 - database_navigator - INFO - DatabaseNavigator initialized
2026-01-16 16:40:51,088 - __main__ - INFO - Connecting with config: {'host': 'localhot', 'port': 3306, 'user': 'root', 'password': 'root'}
2026-01-16 16:40:51,089 - database_navigator - INFO - Connecting to MYSQL...
2026-01-16 16:40:53,708 - database_navigator - ERROR - Connection failed: 2005 (HY000): Unknown MySQL server host 'localhot' (11001)
Traceback (most recent call last):
  File "C:\Users\003160\AppData\Local\Programs\Python\Python312\Lib\site-packages\mysql\connector\connection_cext.py", line 334, in _open_connection
    self._cmysql.connect(**cnx_kwargs)
_mysql_connector.MySQLInterfaceError: Unknown MySQL server host 'localhot' (11001)

The above exception was the direct cause of the following exception:

Traceback (most recent call last):
  File "C:\Users\003160\OneDrive - wisseninfotech.com\Documents\DQ-Checks-Shashi\Data_Quality_Framework\database_navigator.py", line 287, in connect_to_database
    self.connection = mysql.connector.connect(**connection_config)
                      ^^^^^^^^^^^^^^^^^^^^^^^^^^^^^^^^^^^^^^^^^^^^
  File "C:\Users\003160\AppData\Local\Programs\Python\Python312\Lib\site-packages\mysql\connector\pooling.py", line 322, in connect
    return CMySQLConnection(*args, **kwargs)
           ^^^^^^^^^^^^^^^^^^^^^^^^^^^^^^^^^
  File "C:\Users\003160\AppData\Local\Programs\Python\Python312\Lib\site-packages\mysql\connector\connection_cext.py", line 151, in __init__
    self.connect(**kwargs)
  File "C:\Users\003160\AppData\Local\Programs\Python\Python312\Lib\site-packages\mysql\connector\abstracts.py", line 1399, in connect
    self._open_connection()
  File "C:\Users\003160\AppData\Local\Programs\Python\Python312\Lib\site-packages\mysql\connector\connection_cext.py", line 339, in _open_connection
    raise get_mysql_exception(
mysql.connector.errors.DatabaseError: 2005 (HY000): Unknown MySQL server host 'localhot' (11001)
2026-01-16 16:40:53,746 - __main__ - INFO - Completed with status 500 in 2.663s
