2026-01-05 11:30:56,336 - __main__ - INFO - üåê API Server Logging Initialized
2026-01-05 11:30:56,340 - __main__ - INFO - üìù Logs saved to: logs/dq_api_20260105_113056.log
2026-01-05 11:30:56,487 - __main__ - INFO - APP_SETTINGS loaded. Audit enabled: True
2026-01-05 11:30:56,487 - __main__ - INFO - ‚úÖ All DQ modules loaded successfully
2026-01-05 11:30:56,493 - dq_error_log - INFO - ErrorLogger initialized with database: dq_checks
2026-01-05 11:30:56,494 - dq_audit - INFO - Audit class initialized with database: dq_checks
2026-01-05 11:30:56,494 - __main__ - INFO - ‚úÖ ErrorLogger and DataQualityAudit initialized
2026-01-05 11:30:56,515 - __main__ - INFO - üöÄ Starting Data Quality Framework API
2026-01-05 11:30:56,517 - __main__ - INFO - üìä Modules available: True
2026-01-05 11:30:56,519 - __main__ - INFO - üîß Config file mode: False
2026-01-05 11:30:56,520 - __main__ - INFO - üìã Available endpoints:
2026-01-05 11:30:56,522 - __main__ - INFO -   GET  /              - API status
2026-01-05 11:30:56,523 - __main__ - INFO -   GET  /api/health    - Health check
2026-01-05 11:30:56,524 - __main__ - INFO -   POST /api/check-single - Single source analysis
2026-01-05 11:30:56,525 - __main__ - INFO -   POST /api/compare   - Source-target comparison
2026-01-05 11:30:56,526 - __main__ - INFO -   POST /api/upload    - File upload
2026-01-05 11:30:56,527 - __main__ - INFO -   GET  /api/sessions  - List sessions
2026-01-05 11:30:56,529 - __main__ - INFO -   GET  /api/sessions/<id> - Get session data
2026-01-05 11:30:56,531 - __main__ - INFO -   GET  /api/debug-db  - Database debug
2026-01-05 11:30:56,533 - __main__ - INFO - üåç Server starting on 0.0.0.0:5000 (debug=False)
2026-01-05 11:32:02,902 - __main__ - INFO - GET /api/health - Request started
2026-01-05 11:32:02,904 - __main__ - INFO - Completed with status 200 in 0.002s
2026-01-05 11:32:04,954 - __main__ - INFO - POST /api/database-hierarchy - Request started
2026-01-05 11:32:04,955 - __main__ - INFO - Getting database hierarchy for mysql
2026-01-05 11:32:04,957 - __main__ - INFO - Database: Not provided
2026-01-05 11:32:04,959 - __main__ - INFO - Schema: Not provided
2026-01-05 11:32:04,960 - database_navigator - INFO - DatabaseNavigator initialized
2026-01-05 11:32:04,962 - __main__ - INFO - Connecting with config: {'host': 'localhost', 'port': 3306, 'user': 'root', 'password': 'root'}
2026-01-05 11:32:04,963 - database_navigator - INFO - Connecting to MYSQL...
2026-01-05 11:32:05,091 - database_navigator - INFO - Successfully connected to MYSQL!
2026-01-05 11:32:05,093 - __main__ - INFO - Getting databases list...
2026-01-05 11:32:05,101 - database_navigator - INFO - Found 13 databases
2026-01-05 11:32:05,101 - __main__ - INFO - Found 13 databases
2026-01-05 11:32:05,103 - __main__ - INFO - Completed with status 200 in 0.149s
2026-01-05 11:32:07,182 - __main__ - INFO - POST /api/database-hierarchy - Request started
2026-01-05 11:32:07,184 - __main__ - INFO - Getting database hierarchy for mysql
2026-01-05 11:32:07,185 - __main__ - INFO - Database: dq_checks
2026-01-05 11:32:07,187 - __main__ - INFO - Schema: Not provided
2026-01-05 11:32:07,188 - database_navigator - INFO - DatabaseNavigator initialized
2026-01-05 11:32:07,190 - __main__ - INFO - Connecting with config: {'host': 'localhost', 'port': 3306, 'user': 'root', 'password': 'root'}
2026-01-05 11:32:07,191 - database_navigator - INFO - Connecting to MYSQL...
2026-01-05 11:32:07,211 - database_navigator - INFO - Successfully connected to MYSQL!
2026-01-05 11:32:07,212 - __main__ - INFO - Getting schemas for database: dq_checks
2026-01-05 11:32:07,214 - database_navigator - INFO - Found 1 schemas
2026-01-05 11:32:07,215 - __main__ - INFO - Found 1 schemas
2026-01-05 11:32:07,217 - __main__ - INFO - Completed with status 200 in 0.036s
2026-01-05 11:32:09,289 - __main__ - INFO - POST /api/compare - Request started
2026-01-05 11:32:09,290 - __main__ - INFO - Comparison analysis request received
2026-01-05 11:32:09,291 - __main__ - INFO - Starting comparison for session CMP_20260105_113209
2026-01-05 11:32:09,294 - dq_comparison - INFO - Starting comparison analysis in UI mode
2026-01-05 11:32:09,295 - dq_comparison - INFO - LOADING SOURCE AND TARGET DATA
2026-01-05 11:32:09,295 - dq_comparison - INFO - 
==================================================
2026-01-05 11:32:09,297 - dq_comparison - INFO - üîó SOURCE DATA CONFIGURATION
2026-01-05 11:32:09,297 - dq_comparison - INFO - ==================================================
2026-01-05 11:32:09,602 - dq_comparison - INFO - SOURCE CSV loaded: 89,999 rows, 12 columns
2026-01-05 11:32:09,602 - dq_comparison - INFO - 
==================================================
2026-01-05 11:32:09,603 - dq_comparison - INFO - üîó TARGET DATA CONFIGURATION
2026-01-05 11:32:09,604 - dq_comparison - INFO - ==================================================
2026-01-05 11:32:09,909 - dq_comparison - INFO - TARGET CSV loaded: 89,999 rows, 12 columns
2026-01-05 11:32:09,909 - dq_comparison - INFO - Source data loaded: 89999 rows, 12 columns
2026-01-05 11:32:09,910 - dq_comparison - INFO - Target data loaded: 89999 rows, 12 columns
2026-01-05 11:32:09,910 - dq_comparison - INFO - SELECTING COLUMNS FOR COMPARISON
2026-01-05 11:32:09,911 - dq_comparison - INFO - Source columns (original): ['id', 'customer_id', 'transaction_id', 'customer_name', 'email', 'phone', 'transaction_date', 'amount', 'quantity', 'age', 'status', 'description']
2026-01-05 11:32:09,912 - dq_comparison - INFO - Target columns (original): ['id', 'customer_id', 'transaction_id', 'customer_name', 'email', 'phone', 'transaction_date', 'amount', 'quantity', 'age', 'status', 'description']
2026-01-05 11:32:09,913 - dq_comparison - INFO - Common columns lowercased: ['email', 'description', 'phone', 'transaction_id', 'quantity', 'age', 'amount', 'customer_id', 'customer_name', 'id', 'transaction_date', 'status']
2026-01-05 11:32:09,913 - dq_comparison - INFO - Found 12 common columns between source and target (case-insensitive, excluding CustomerID)
2026-01-05 11:32:09,914 - dq_comparison - INFO - User column selection input: all
2026-01-05 11:32:09,914 - dq_comparison - INFO - User selected ALL common columns for comparison
2026-01-05 11:32:09,914 - dq_comparison - INFO - Selected 12 columns for comparison: ['email', 'description', 'phone', 'transaction_id', 'quantity']...
2026-01-05 11:32:09,915 - dq_comparison - INFO - GENERATING COMPREHENSIVE COMPARISON REPORT
2026-01-05 11:32:09,916 - dq_comparison - INFO - Report details - Source: CSV: source_data_90k.csv, Target: CSV: source_data_90k.csv, Selected columns: 12
2026-01-05 11:32:09,916 - dq_comparison - INFO - Initializing Error Logger...
2026-01-05 11:32:09,917 - dq_error_log - INFO - ErrorLogger initialized with database: dq_checks
2026-01-05 11:32:09,938 - dq_error_log - INFO - Database connection successful
2026-01-05 11:32:09,939 - dq_comparison - INFO - Session ID: CMP_20260105_113209
2026-01-05 11:32:09,940 - dq_comparison - INFO - ‚úÖ Row counts match: 89,999 rows
2026-01-05 11:32:09,940 - dq_comparison - INFO - Comparing column structures...
2026-01-05 11:32:09,941 - dq_comparison - INFO - Column structure comparison complete. Match: True
2026-01-05 11:32:09,942 - dq_comparison - INFO - Validating primary key/unique fields...
2026-01-05 11:32:09,942 - dq_comparison - INFO - Checking key fields: ['id', 'customer_id']
2026-01-05 11:32:09,951 - dq_comparison - WARNING - Field 'id' has duplicates in source: 406 rows
2026-01-05 11:32:09,953 - dq_comparison - WARNING - Field 'id' has duplicates in target: 406 rows
2026-01-05 11:32:09,996 - dq_comparison - WARNING - Field 'customer_id' has duplicates in source: 804 rows
2026-01-05 11:32:09,998 - dq_comparison - WARNING - Field 'customer_id' has duplicates in target: 804 rows
2026-01-05 11:32:09,999 - dq_comparison - INFO - Primary key validation complete. Passed: False
2026-01-05 11:32:10,065 - dq_comparison - INFO - Comparing table-level metadata...
2026-01-05 11:32:11,567 - dq_comparison - INFO - Table metadata comparison complete. Match: True
2026-01-05 11:32:11,567 - dq_comparison - INFO - SECOND CHECK: HASH-BASED COMPARISON WITH PERFECT NORMALIZATION
2026-01-05 11:32:11,568 - dq_comparison - INFO - Source DF columns: ['id', 'customer_id', 'transaction_id', 'customer_name', 'email', 'phone', 'transaction_date', 'amount', 'quantity', 'age', 'status', 'description']
2026-01-05 11:32:11,568 - dq_comparison - INFO - Target DF columns: ['id', 'customer_id', 'transaction_id', 'customer_name', 'email', 'phone', 'transaction_date', 'amount', 'quantity', 'age', 'status', 'description']
2026-01-05 11:32:11,568 - dq_comparison - INFO - Selected columns for comparison: ['email', 'description', 'phone', 'transaction_id', 'quantity', 'age', 'amount', 'customer_id', 'customer_name', 'id', 'transaction_date', 'status']
2026-01-05 11:32:11,569 - dq_comparison - INFO - Using 12 common columns for hash comparison
2026-01-05 11:32:11,569 - dq_comparison - INFO - Source columns: ['email', 'description', 'phone', 'transaction_id', 'quantity', 'age', 'amount', 'customer_id', 'customer_name', 'id', 'transaction_date', 'status']
2026-01-05 11:32:11,571 - dq_comparison - INFO - Target columns: ['email', 'description', 'phone', 'transaction_id', 'quantity', 'age', 'amount', 'customer_id', 'customer_name', 'id', 'transaction_date', 'status']
2026-01-05 11:32:11,572 - dq_comparison - INFO - Generating hashes for source data (89999 rows)...
2026-01-05 11:32:32,223 - dq_comparison - INFO - Generating hashes for target data (89999 rows)...
2026-01-05 11:32:49,503 - dq_comparison - INFO - Hash-based Comparison Results (with duplicate handling):
2026-01-05 11:32:49,503 - dq_comparison - INFO -   ‚Ä¢ Unique source hashes: 89796
2026-01-05 11:32:49,504 - dq_comparison - INFO -   ‚Ä¢ Unique target hashes: 89796
2026-01-05 11:32:49,505 - dq_comparison - INFO -   ‚Ä¢ Common hashes: 89796
2026-01-05 11:32:49,506 - dq_comparison - INFO -   ‚Ä¢ Common rows (counting duplicates): 89,999
2026-01-05 11:32:49,506 - dq_comparison - INFO -   ‚Ä¢ Rows only in source (counting duplicates): 0
2026-01-05 11:32:49,507 - dq_comparison - INFO -   ‚Ä¢ Rows only in target (counting duplicates): 0
2026-01-05 11:32:49,550 - dq_comparison - INFO - PERFORMING DETAILED COLUMN-BY-COLUMN COMPARISON...
2026-01-05 11:32:49,551 - dq_comparison - INFO - Will compare 89999 rows (min of source:89999 and target:89999)
2026-01-05 11:33:29,054 - dq_comparison - INFO - Found 0 column value mismatches across all rows
2026-01-05 11:33:29,054 - dq_comparison - INFO - Returning counts for simple scoring:
2026-01-05 11:33:29,055 - dq_comparison - INFO -   Common rows: 89,999
2026-01-05 11:33:29,056 - dq_comparison - INFO -   Unique to source: 0
2026-01-05 11:33:29,057 - dq_comparison - INFO -   Unique to target: 0
2026-01-05 11:33:29,057 - dq_comparison - INFO -   Value mismatches: 0
2026-01-05 11:33:29,098 - dq_comparison - INFO - Analyzing data quality metrics...
2026-01-05 11:33:45,704 - dq_comparison - INFO - Null values - Source: 7439 (0.69%), Target: 7439 (0.69%)
2026-01-05 11:33:45,945 - dq_comparison - INFO - Duplicate rows (normalized) - Source: 203, Target: 203
2026-01-05 11:33:46,078 - dq_comparison - INFO - Source duplicate samples: ['Row 169', 'Row 383', 'Row 639']
2026-01-05 11:33:46,196 - dq_comparison - INFO - Target duplicate samples: ['Row 169', 'Row 383', 'Row 639']
2026-01-05 11:33:46,237 - dq_error_log - INFO - Retrieved 4 errors for session CMP_20260105_113209
2026-01-05 11:33:46,238 - dq_comparison - INFO - 
üìä SIMPLE SCORING CALCULATION:
2026-01-05 11:33:46,239 - dq_comparison - INFO -   Source rows: 89999
2026-01-05 11:33:46,240 - dq_comparison - INFO -   Common rows (matched): 89999
2026-01-05 11:33:46,240 - dq_comparison - INFO -   Calculation: (89999 / 89999) * 100 = 100.00%
2026-01-05 11:33:46,241 - dq_comparison - INFO -   Explanation: 89999 matched rows out of 89999 total source rows
2026-01-05 11:33:46,241 - dq_comparison - INFO - 
=== AUDIT LOGGING SECTION ===
2026-01-05 11:33:46,243 - dq_comparison - INFO - üîç Audit logging is ENABLED in APP_SETTINGS
2026-01-05 11:33:46,244 - dq_audit - INFO - Audit class initialized with database: dq_checks
2026-01-05 11:33:46,245 - dq_comparison - INFO - Attempting to log audit record for session: CMP_20260105_113209
2026-01-05 11:33:46,246 - dq_audit - INFO - Starting database insertion for comparison...
2026-01-05 11:33:46,268 - dq_audit - INFO - Inserted comparison record with ID: 510
2026-01-05 11:33:46,269 - dq_comparison - INFO - ‚úÖ Audit record logged successfully (ID: 510)
2026-01-05 11:33:46,281 - dq_error_log - INFO - Retrieved 4 error logs for session CMP_20260105_113209
2026-01-05 11:33:46,294 - dq_error_log - INFO - Retrieved summary: 4 total errors for session CMP_20260105_113209
2026-01-05 11:33:46,294 - dq_audit - INFO - Audit class initialized with database: dq_checks
2026-01-05 11:33:46,311 - dq_audit - INFO - Retrieved 1 audit logs for session CMP_20260105_113209
2026-01-05 11:33:46,312 - dq_comparison - INFO - 
üîç Final results verification:
2026-01-05 11:33:46,313 - dq_comparison - INFO -    Session ID: CMP_20260105_113209
2026-01-05 11:33:46,313 - dq_comparison - INFO -    DQ Score (Simple %): 100.00%
2026-01-05 11:33:46,314 - dq_comparison - INFO -    Source rows: 89999
2026-01-05 11:33:46,314 - dq_comparison - INFO -    Matched rows: 89999
2026-01-05 11:33:46,315 - dq_comparison - INFO -    Calculation: (89999 / 89999) * 100
2026-01-05 11:33:46,315 - dq_comparison - INFO - Comparison analysis completed successfully
2026-01-05 11:33:46,344 - dq_audit - INFO - Retrieved 1 audit logs for session CMP_20260105_113209
2026-01-05 11:33:46,356 - dq_error_log - INFO - Retrieved 4 error logs for session CMP_20260105_113209
2026-01-05 11:33:46,367 - dq_error_log - INFO - Retrieved summary: 4 total errors for session CMP_20260105_113209
2026-01-05 11:33:46,368 - __main__ - INFO - Comparison completed for session CMP_20260105_113209
2026-01-05 11:33:46,371 - __main__ - INFO - Completed with status 200 in 97.082s
2026-01-05 11:33:48,429 - __main__ - INFO - POST /api/compare - Request started
2026-01-05 11:33:48,431 - __main__ - INFO - Comparison analysis request received
2026-01-05 11:33:48,433 - __main__ - INFO - Starting comparison for session CMP_20260105_113348
2026-01-05 11:33:48,434 - dq_comparison - INFO - Starting comparison analysis in UI mode
2026-01-05 11:33:48,436 - dq_comparison - INFO - LOADING SOURCE AND TARGET DATA
2026-01-05 11:33:48,437 - dq_comparison - INFO - 
==================================================
2026-01-05 11:33:48,437 - dq_comparison - INFO - üîó SOURCE DATA CONFIGURATION
2026-01-05 11:33:48,438 - dq_comparison - INFO - ==================================================
2026-01-05 11:33:48,439 - dq_comparison - INFO - 
üóÑÔ∏è SOURCE DATABASE CONFIGURATION
2026-01-05 11:33:48,441 - dq_comparison - INFO - ----------------------------------------
2026-01-05 11:33:48,441 - dq_comparison - INFO - UI mode: Using provided database configuration for SOURCE
2026-01-05 11:33:48,442 - dq_unified - INFO - Loading data from DATABASE
2026-01-05 11:33:48,443 - dq_unified - INFO - Loading large database table: test_table
2026-01-05 11:33:48,444 - dq_unified - INFO - Normalized DB config with schema: dq_checks
2026-01-05 11:33:48,472 - dq_unified - ERROR - Error loading large database: 1146 (42S02): Table 'dq_checks.test_table' doesn't exist
Traceback (most recent call last):
  File "C:\Users\003160\AppData\Local\Programs\Python\Python312\Lib\site-packages\mysql\connector\connection_cext.py", line 705, in cmd_query
    self._cmysql.query(
_mysql_connector.MySQLInterfaceError: Table 'dq_checks.test_table' doesn't exist

The above exception was the direct cause of the following exception:

Traceback (most recent call last):
  File "C:\Users\003160\OneDrive - wisseninfotech.com\Documents\DQ-Checks-Shashi\Data_Quality_Framework\dq_unified.py", line 215, in load_large_database
    return LargeDatasetHandler._load_large_mysql(db_config, max_rows)
           ^^^^^^^^^^^^^^^^^^^^^^^^^^^^^^^^^^^^^^^^^^^^^^^^^^^^^^^^^^
  File "C:\Users\003160\OneDrive - wisseninfotech.com\Documents\DQ-Checks-Shashi\Data_Quality_Framework\dq_unified.py", line 327, in _load_large_mysql
    cursor.execute(f"SELECT COUNT(*) FROM {table}")
  File "C:\Users\003160\AppData\Local\Programs\Python\Python312\Lib\site-packages\mysql\connector\cursor_cext.py", line 357, in execute
    result = self._connection.cmd_query(
             ^^^^^^^^^^^^^^^^^^^^^^^^^^^
  File "C:\Users\003160\AppData\Local\Programs\Python\Python312\Lib\site-packages\mysql\connector\opentelemetry\context_propagation.py", line 97, in wrapper
    return method(cnx, *args, **kwargs)
           ^^^^^^^^^^^^^^^^^^^^^^^^^^^^
  File "C:\Users\003160\AppData\Local\Programs\Python\Python312\Lib\site-packages\mysql\connector\connection_cext.py", line 713, in cmd_query
    raise get_mysql_exception(
mysql.connector.errors.ProgrammingError: 1146 (42S02): Table 'dq_checks.test_table' doesn't exist
2026-01-05 11:33:48,498 - dq_unified - ERROR - Error loading data from database: 1146 (42S02): Table 'dq_checks.test_table' doesn't exist
Traceback (most recent call last):
  File "C:\Users\003160\AppData\Local\Programs\Python\Python312\Lib\site-packages\mysql\connector\connection_cext.py", line 705, in cmd_query
    self._cmysql.query(
_mysql_connector.MySQLInterfaceError: Table 'dq_checks.test_table' doesn't exist

The above exception was the direct cause of the following exception:

Traceback (most recent call last):
  File "C:\Users\003160\OneDrive - wisseninfotech.com\Documents\DQ-Checks-Shashi\Data_Quality_Framework\dq_unified.py", line 1226, in load_data_from_source
    df = LargeDatasetHandler.load_large_database(source_config, max_rows=max_rows)
         ^^^^^^^^^^^^^^^^^^^^^^^^^^^^^^^^^^^^^^^^^^^^^^^^^^^^^^^^^^^^^^^^^^^^^^^^^
  File "C:\Users\003160\OneDrive - wisseninfotech.com\Documents\DQ-Checks-Shashi\Data_Quality_Framework\dq_unified.py", line 215, in load_large_database
    return LargeDatasetHandler._load_large_mysql(db_config, max_rows)
           ^^^^^^^^^^^^^^^^^^^^^^^^^^^^^^^^^^^^^^^^^^^^^^^^^^^^^^^^^^
  File "C:\Users\003160\OneDrive - wisseninfotech.com\Documents\DQ-Checks-Shashi\Data_Quality_Framework\dq_unified.py", line 327, in _load_large_mysql
    cursor.execute(f"SELECT COUNT(*) FROM {table}")
  File "C:\Users\003160\AppData\Local\Programs\Python\Python312\Lib\site-packages\mysql\connector\cursor_cext.py", line 357, in execute
    result = self._connection.cmd_query(
             ^^^^^^^^^^^^^^^^^^^^^^^^^^^
  File "C:\Users\003160\AppData\Local\Programs\Python\Python312\Lib\site-packages\mysql\connector\opentelemetry\context_propagation.py", line 97, in wrapper
    return method(cnx, *args, **kwargs)
           ^^^^^^^^^^^^^^^^^^^^^^^^^^^^
  File "C:\Users\003160\AppData\Local\Programs\Python\Python312\Lib\site-packages\mysql\connector\connection_cext.py", line 713, in cmd_query
    raise get_mysql_exception(
mysql.connector.errors.ProgrammingError: 1146 (42S02): Table 'dq_checks.test_table' doesn't exist
2026-01-05 11:33:48,500 - dq_comparison - ERROR - No data loaded from SOURCE database
2026-01-05 11:33:48,501 - dq_comparison - INFO - 
==================================================
2026-01-05 11:33:48,503 - dq_comparison - INFO - üîó TARGET DATA CONFIGURATION
2026-01-05 11:33:48,503 - dq_comparison - INFO - ==================================================
2026-01-05 11:33:48,504 - dq_comparison - INFO - 
üóÑÔ∏è TARGET DATABASE CONFIGURATION
2026-01-05 11:33:48,505 - dq_comparison - INFO - ----------------------------------------
2026-01-05 11:33:48,506 - dq_comparison - INFO - UI mode: Using provided database configuration for TARGET
2026-01-05 11:33:48,507 - dq_unified - INFO - Loading data from DATABASE
2026-01-05 11:33:48,507 - dq_unified - INFO - Loading large database table: test_table
2026-01-05 11:33:48,508 - dq_unified - INFO - Normalized DB config with schema: public
2026-01-05 11:33:48,638 - dq_unified - ERROR - Error loading large database: relation "public.test_table" does not exist
LINE 1: SELECT COUNT(*) FROM public.test_table
                             ^
Traceback (most recent call last):
  File "C:\Users\003160\OneDrive - wisseninfotech.com\Documents\DQ-Checks-Shashi\Data_Quality_Framework\dq_unified.py", line 213, in load_large_database
    return LargeDatasetHandler._load_large_postgresql(db_config, max_rows)
           ^^^^^^^^^^^^^^^^^^^^^^^^^^^^^^^^^^^^^^^^^^^^^^^^^^^^^^^^^^^^^^^
  File "C:\Users\003160\OneDrive - wisseninfotech.com\Documents\DQ-Checks-Shashi\Data_Quality_Framework\dq_unified.py", line 252, in _load_large_postgresql
    cursor.execute(f"SELECT COUNT(*) FROM {full_table_name}")
psycopg2.errors.UndefinedTable: relation "public.test_table" does not exist
LINE 1: SELECT COUNT(*) FROM public.test_table
                             ^

2026-01-05 11:33:48,640 - dq_unified - ERROR - Error loading data from database: relation "public.test_table" does not exist
LINE 1: SELECT COUNT(*) FROM public.test_table
                             ^
Traceback (most recent call last):
  File "C:\Users\003160\OneDrive - wisseninfotech.com\Documents\DQ-Checks-Shashi\Data_Quality_Framework\dq_unified.py", line 1226, in load_data_from_source
    df = LargeDatasetHandler.load_large_database(source_config, max_rows=max_rows)
         ^^^^^^^^^^^^^^^^^^^^^^^^^^^^^^^^^^^^^^^^^^^^^^^^^^^^^^^^^^^^^^^^^^^^^^^^^
  File "C:\Users\003160\OneDrive - wisseninfotech.com\Documents\DQ-Checks-Shashi\Data_Quality_Framework\dq_unified.py", line 213, in load_large_database
    return LargeDatasetHandler._load_large_postgresql(db_config, max_rows)
           ^^^^^^^^^^^^^^^^^^^^^^^^^^^^^^^^^^^^^^^^^^^^^^^^^^^^^^^^^^^^^^^
  File "C:\Users\003160\OneDrive - wisseninfotech.com\Documents\DQ-Checks-Shashi\Data_Quality_Framework\dq_unified.py", line 252, in _load_large_postgresql
    cursor.execute(f"SELECT COUNT(*) FROM {full_table_name}")
psycopg2.errors.UndefinedTable: relation "public.test_table" does not exist
LINE 1: SELECT COUNT(*) FROM public.test_table
                             ^

2026-01-05 11:33:48,642 - dq_comparison - ERROR - No data loaded from TARGET database
2026-01-05 11:33:48,642 - dq_comparison - ERROR - Failed to load source or target data
2026-01-05 11:33:48,644 - __main__ - WARNING - Comparison completed with errors: Failed to load source or target data
2026-01-05 11:33:48,645 - __main__ - INFO - Completed with status 200 in 0.215s
2026-01-05 11:33:50,719 - __main__ - INFO - POST /api/compare - Request started
2026-01-05 11:33:50,721 - __main__ - INFO - Comparison analysis request received
2026-01-05 11:33:50,722 - __main__ - INFO - Starting comparison for session CMP_20260105_113350
2026-01-05 11:33:50,723 - dq_comparison - INFO - Starting comparison analysis in UI mode
2026-01-05 11:33:50,724 - dq_comparison - INFO - LOADING SOURCE AND TARGET DATA
2026-01-05 11:33:50,725 - dq_comparison - INFO - 
==================================================
2026-01-05 11:33:50,725 - dq_comparison - INFO - üîó SOURCE DATA CONFIGURATION
2026-01-05 11:33:50,726 - dq_comparison - INFO - ==================================================
2026-01-05 11:33:50,727 - input_handler - WARNING - Required field 'source_file_path' not provided in UI mode, using empty string
2026-01-05 11:33:50,728 - dq_comparison - ERROR - CSV file not found: 
2026-01-05 11:33:50,729 - dq_comparison - INFO - 
==================================================
2026-01-05 11:33:50,729 - dq_comparison - INFO - üîó TARGET DATA CONFIGURATION
2026-01-05 11:33:50,730 - dq_comparison - INFO - ==================================================
2026-01-05 11:33:50,731 - dq_comparison - ERROR - CSV file not found: test.csv
2026-01-05 11:33:50,734 - dq_comparison - ERROR - Failed to load source or target data
2026-01-05 11:33:50,734 - __main__ - WARNING - Comparison completed with errors: Failed to load source or target data
2026-01-05 11:33:50,735 - __main__ - INFO - Completed with status 200 in 0.016s
2026-01-05 11:33:52,822 - __main__ - INFO - POST /api/compare - Request started
2026-01-05 11:33:52,822 - __main__ - INFO - Comparison analysis request received
2026-01-05 11:33:52,824 - __main__ - INFO - Starting comparison for session CMP_20260105_113352
2026-01-05 11:33:52,825 - dq_comparison - INFO - Starting comparison analysis in UI mode
2026-01-05 11:33:52,826 - dq_comparison - INFO - LOADING SOURCE AND TARGET DATA
2026-01-05 11:33:52,827 - dq_comparison - INFO - 
==================================================
2026-01-05 11:33:52,828 - dq_comparison - INFO - üîó SOURCE DATA CONFIGURATION
2026-01-05 11:33:52,828 - dq_comparison - INFO - ==================================================
2026-01-05 11:33:52,829 - input_handler - WARNING - Required field 'source_file_path' not provided in UI mode, using empty string
2026-01-05 11:33:52,830 - dq_comparison - ERROR - CSV file not found: 
2026-01-05 11:33:52,831 - dq_comparison - INFO - 
==================================================
2026-01-05 11:33:52,831 - dq_comparison - INFO - üîó TARGET DATA CONFIGURATION
2026-01-05 11:33:52,832 - dq_comparison - INFO - ==================================================
2026-01-05 11:33:52,833 - dq_comparison - ERROR - CSV file not found: test.csv
2026-01-05 11:33:52,834 - dq_comparison - ERROR - Failed to load source or target data
2026-01-05 11:33:52,834 - __main__ - WARNING - Comparison completed with errors: Failed to load source or target data
2026-01-05 11:33:52,836 - __main__ - INFO - Completed with status 200 in 0.014s
2026-01-05 11:33:54,883 - __main__ - INFO - POST /api/compare - Request started
2026-01-05 11:33:54,884 - __main__ - INFO - Comparison analysis request received
2026-01-05 11:33:54,885 - __main__ - INFO - Starting comparison for session CMP_20260105_113354
2026-01-05 11:33:54,887 - dq_comparison - INFO - Starting comparison analysis in UI mode
2026-01-05 11:33:54,888 - dq_comparison - INFO - LOADING SOURCE AND TARGET DATA
2026-01-05 11:33:54,888 - dq_comparison - INFO - 
==================================================
2026-01-05 11:33:54,889 - dq_comparison - INFO - üîó SOURCE DATA CONFIGURATION
2026-01-05 11:33:54,889 - dq_comparison - INFO - ==================================================
2026-01-05 11:33:54,890 - dq_comparison - INFO - 
üóÑÔ∏è SOURCE DATABASE CONFIGURATION
2026-01-05 11:33:54,891 - dq_comparison - INFO - ----------------------------------------
2026-01-05 11:33:54,892 - dq_comparison - INFO - UI mode: Using provided database configuration for SOURCE
2026-01-05 11:33:54,892 - dq_unified - INFO - Loading data from DATABASE
2026-01-05 11:33:54,893 - dq_unified - INFO - Loading large database table: None
2026-01-05 11:33:54,894 - dq_unified - INFO - Normalized DB config with schema: dq_checks
2026-01-05 11:33:54,910 - dq_unified - ERROR - Error loading large database: 1146 (42S02): Table 'dq_checks.none' doesn't exist
Traceback (most recent call last):
  File "C:\Users\003160\AppData\Local\Programs\Python\Python312\Lib\site-packages\mysql\connector\connection_cext.py", line 705, in cmd_query
    self._cmysql.query(
_mysql_connector.MySQLInterfaceError: Table 'dq_checks.none' doesn't exist

The above exception was the direct cause of the following exception:

Traceback (most recent call last):
  File "C:\Users\003160\OneDrive - wisseninfotech.com\Documents\DQ-Checks-Shashi\Data_Quality_Framework\dq_unified.py", line 215, in load_large_database
    return LargeDatasetHandler._load_large_mysql(db_config, max_rows)
           ^^^^^^^^^^^^^^^^^^^^^^^^^^^^^^^^^^^^^^^^^^^^^^^^^^^^^^^^^^
  File "C:\Users\003160\OneDrive - wisseninfotech.com\Documents\DQ-Checks-Shashi\Data_Quality_Framework\dq_unified.py", line 327, in _load_large_mysql
    cursor.execute(f"SELECT COUNT(*) FROM {table}")
  File "C:\Users\003160\AppData\Local\Programs\Python\Python312\Lib\site-packages\mysql\connector\cursor_cext.py", line 357, in execute
    result = self._connection.cmd_query(
             ^^^^^^^^^^^^^^^^^^^^^^^^^^^
  File "C:\Users\003160\AppData\Local\Programs\Python\Python312\Lib\site-packages\mysql\connector\opentelemetry\context_propagation.py", line 97, in wrapper
    return method(cnx, *args, **kwargs)
           ^^^^^^^^^^^^^^^^^^^^^^^^^^^^
  File "C:\Users\003160\AppData\Local\Programs\Python\Python312\Lib\site-packages\mysql\connector\connection_cext.py", line 713, in cmd_query
    raise get_mysql_exception(
mysql.connector.errors.ProgrammingError: 1146 (42S02): Table 'dq_checks.none' doesn't exist
2026-01-05 11:33:54,912 - dq_unified - ERROR - Error loading data from database: 1146 (42S02): Table 'dq_checks.none' doesn't exist
Traceback (most recent call last):
  File "C:\Users\003160\AppData\Local\Programs\Python\Python312\Lib\site-packages\mysql\connector\connection_cext.py", line 705, in cmd_query
    self._cmysql.query(
_mysql_connector.MySQLInterfaceError: Table 'dq_checks.none' doesn't exist

The above exception was the direct cause of the following exception:

Traceback (most recent call last):
  File "C:\Users\003160\OneDrive - wisseninfotech.com\Documents\DQ-Checks-Shashi\Data_Quality_Framework\dq_unified.py", line 1226, in load_data_from_source
    df = LargeDatasetHandler.load_large_database(source_config, max_rows=max_rows)
         ^^^^^^^^^^^^^^^^^^^^^^^^^^^^^^^^^^^^^^^^^^^^^^^^^^^^^^^^^^^^^^^^^^^^^^^^^
  File "C:\Users\003160\OneDrive - wisseninfotech.com\Documents\DQ-Checks-Shashi\Data_Quality_Framework\dq_unified.py", line 215, in load_large_database
    return LargeDatasetHandler._load_large_mysql(db_config, max_rows)
           ^^^^^^^^^^^^^^^^^^^^^^^^^^^^^^^^^^^^^^^^^^^^^^^^^^^^^^^^^^
  File "C:\Users\003160\OneDrive - wisseninfotech.com\Documents\DQ-Checks-Shashi\Data_Quality_Framework\dq_unified.py", line 327, in _load_large_mysql
    cursor.execute(f"SELECT COUNT(*) FROM {table}")
  File "C:\Users\003160\AppData\Local\Programs\Python\Python312\Lib\site-packages\mysql\connector\cursor_cext.py", line 357, in execute
    result = self._connection.cmd_query(
             ^^^^^^^^^^^^^^^^^^^^^^^^^^^
  File "C:\Users\003160\AppData\Local\Programs\Python\Python312\Lib\site-packages\mysql\connector\opentelemetry\context_propagation.py", line 97, in wrapper
    return method(cnx, *args, **kwargs)
           ^^^^^^^^^^^^^^^^^^^^^^^^^^^^
  File "C:\Users\003160\AppData\Local\Programs\Python\Python312\Lib\site-packages\mysql\connector\connection_cext.py", line 713, in cmd_query
    raise get_mysql_exception(
mysql.connector.errors.ProgrammingError: 1146 (42S02): Table 'dq_checks.none' doesn't exist
2026-01-05 11:33:54,915 - dq_comparison - ERROR - No data loaded from SOURCE database
2026-01-05 11:33:54,916 - dq_comparison - INFO - 
==================================================
2026-01-05 11:33:54,917 - dq_comparison - INFO - üîó TARGET DATA CONFIGURATION
2026-01-05 11:33:54,917 - dq_comparison - INFO - ==================================================
2026-01-05 11:33:54,918 - dq_comparison - ERROR - CSV file not found: test.csv
2026-01-05 11:33:54,919 - dq_comparison - ERROR - Failed to load source or target data
2026-01-05 11:33:54,919 - __main__ - WARNING - Comparison completed with errors: Failed to load source or target data
2026-01-05 11:33:54,921 - __main__ - INFO - Completed with status 200 in 0.038s
2026-01-05 11:33:57,001 - __main__ - INFO - POST /api/compare - Request started
2026-01-05 11:33:57,003 - __main__ - INFO - Comparison analysis request received
2026-01-05 11:33:57,005 - __main__ - INFO - Starting comparison for session CMP_20260105_113357
2026-01-05 11:33:57,007 - dq_comparison - INFO - Starting comparison analysis in UI mode
2026-01-05 11:33:57,008 - dq_comparison - INFO - LOADING SOURCE AND TARGET DATA
2026-01-05 11:33:57,008 - dq_comparison - INFO - 
==================================================
2026-01-05 11:33:57,009 - dq_comparison - INFO - üîó SOURCE DATA CONFIGURATION
2026-01-05 11:33:57,010 - dq_comparison - INFO - ==================================================
2026-01-05 11:33:57,010 - dq_comparison - ERROR - CSV file not found: test.csv
2026-01-05 11:33:57,011 - dq_comparison - INFO - 
==================================================
2026-01-05 11:33:57,014 - dq_comparison - INFO - üîó TARGET DATA CONFIGURATION
2026-01-05 11:33:57,015 - dq_comparison - INFO - ==================================================
2026-01-05 11:33:57,017 - dq_comparison - ERROR - CSV file not found: test.csv
2026-01-05 11:33:57,018 - dq_comparison - ERROR - Failed to load source or target data
2026-01-05 11:33:57,019 - __main__ - WARNING - Comparison completed with errors: Failed to load source or target data
2026-01-05 11:33:57,021 - __main__ - INFO - Completed with status 200 in 0.019s
2026-01-05 11:33:59,080 - __main__ - INFO - POST /api/compare - Request started
2026-01-05 11:33:59,080 - __main__ - INFO - Comparison analysis request received
2026-01-05 11:33:59,083 - __main__ - INFO - Starting comparison for session CMP_20260105_113359
2026-01-05 11:33:59,084 - dq_comparison - INFO - Starting comparison analysis in UI mode
2026-01-05 11:33:59,085 - dq_comparison - INFO - LOADING SOURCE AND TARGET DATA
2026-01-05 11:33:59,086 - dq_comparison - INFO - 
==================================================
2026-01-05 11:33:59,088 - dq_comparison - INFO - üîó SOURCE DATA CONFIGURATION
2026-01-05 11:33:59,089 - dq_comparison - INFO - ==================================================
2026-01-05 11:33:59,360 - dq_comparison - INFO - SOURCE CSV loaded: 89,999 rows, 12 columns
2026-01-05 11:33:59,361 - dq_comparison - INFO - 
==================================================
2026-01-05 11:33:59,361 - dq_comparison - INFO - üîó TARGET DATA CONFIGURATION
2026-01-05 11:33:59,362 - dq_comparison - INFO - ==================================================
2026-01-05 11:33:59,731 - dq_comparison - INFO - TARGET CSV loaded: 89,999 rows, 12 columns
2026-01-05 11:33:59,731 - dq_comparison - INFO - Source data loaded: 89999 rows, 12 columns
2026-01-05 11:33:59,732 - dq_comparison - INFO - Target data loaded: 89999 rows, 12 columns
2026-01-05 11:33:59,732 - dq_comparison - INFO - SELECTING COLUMNS FOR COMPARISON
2026-01-05 11:33:59,733 - dq_comparison - INFO - Source columns (original): ['id', 'customer_id', 'transaction_id', 'customer_name', 'email', 'phone', 'transaction_date', 'amount', 'quantity', 'age', 'status', 'description']
2026-01-05 11:33:59,734 - dq_comparison - INFO - Target columns (original): ['id', 'customer_id', 'transaction_id', 'customer_name', 'email', 'phone', 'transaction_date', 'amount', 'quantity', 'age', 'status', 'description']
2026-01-05 11:33:59,734 - dq_comparison - INFO - Common columns lowercased: ['email', 'description', 'phone', 'transaction_id', 'quantity', 'age', 'amount', 'customer_id', 'customer_name', 'id', 'transaction_date', 'status']
2026-01-05 11:33:59,735 - dq_comparison - INFO - Found 12 common columns between source and target (case-insensitive, excluding CustomerID)
2026-01-05 11:33:59,735 - dq_comparison - INFO - User column selection input: all
2026-01-05 11:33:59,736 - dq_comparison - INFO - User selected ALL common columns for comparison
2026-01-05 11:33:59,736 - dq_comparison - INFO - Selected 12 columns for comparison: ['email', 'description', 'phone', 'transaction_id', 'quantity']...
2026-01-05 11:33:59,737 - dq_comparison - INFO - GENERATING COMPREHENSIVE COMPARISON REPORT
2026-01-05 11:33:59,737 - dq_comparison - INFO - Report details - Source: CSV: source_data_90k.csv, Target: CSV: source_data_90k.csv, Selected columns: 12
2026-01-05 11:33:59,738 - dq_comparison - INFO - Initializing Error Logger...
2026-01-05 11:33:59,739 - dq_error_log - INFO - ErrorLogger initialized with database: dq_checks
2026-01-05 11:33:59,761 - dq_error_log - INFO - Database connection successful
2026-01-05 11:33:59,763 - dq_comparison - INFO - Session ID: CMP_20260105_113359
2026-01-05 11:33:59,763 - dq_comparison - INFO - ‚úÖ Row counts match: 89,999 rows
2026-01-05 11:33:59,764 - dq_comparison - INFO - Comparing column structures...
2026-01-05 11:33:59,765 - dq_comparison - INFO - Column structure comparison complete. Match: True
2026-01-05 11:33:59,765 - dq_comparison - INFO - Validating primary key/unique fields...
2026-01-05 11:33:59,766 - dq_comparison - INFO - Checking key fields: ['id', 'customer_id']
2026-01-05 11:33:59,776 - dq_comparison - WARNING - Field 'id' has duplicates in source: 406 rows
2026-01-05 11:33:59,778 - dq_comparison - WARNING - Field 'id' has duplicates in target: 406 rows
2026-01-05 11:33:59,830 - dq_comparison - WARNING - Field 'customer_id' has duplicates in source: 804 rows
2026-01-05 11:33:59,831 - dq_comparison - WARNING - Field 'customer_id' has duplicates in target: 804 rows
2026-01-05 11:33:59,832 - dq_comparison - INFO - Primary key validation complete. Passed: False
2026-01-05 11:33:59,894 - dq_comparison - INFO - Comparing table-level metadata...
2026-01-05 11:34:01,046 - dq_comparison - INFO - Table metadata comparison complete. Match: True
2026-01-05 11:34:01,046 - dq_comparison - INFO - SECOND CHECK: HASH-BASED COMPARISON WITH PERFECT NORMALIZATION
2026-01-05 11:34:01,047 - dq_comparison - INFO - Source DF columns: ['id', 'customer_id', 'transaction_id', 'customer_name', 'email', 'phone', 'transaction_date', 'amount', 'quantity', 'age', 'status', 'description']
2026-01-05 11:34:01,048 - dq_comparison - INFO - Target DF columns: ['id', 'customer_id', 'transaction_id', 'customer_name', 'email', 'phone', 'transaction_date', 'amount', 'quantity', 'age', 'status', 'description']
2026-01-05 11:34:01,048 - dq_comparison - INFO - Selected columns for comparison: ['email', 'description', 'phone', 'transaction_id', 'quantity', 'age', 'amount', 'customer_id', 'customer_name', 'id', 'transaction_date', 'status']
2026-01-05 11:34:01,049 - dq_comparison - INFO - Using 12 common columns for hash comparison
2026-01-05 11:34:01,049 - dq_comparison - INFO - Source columns: ['email', 'description', 'phone', 'transaction_id', 'quantity', 'age', 'amount', 'customer_id', 'customer_name', 'id', 'transaction_date', 'status']
2026-01-05 11:34:01,050 - dq_comparison - INFO - Target columns: ['email', 'description', 'phone', 'transaction_id', 'quantity', 'age', 'amount', 'customer_id', 'customer_name', 'id', 'transaction_date', 'status']
2026-01-05 11:34:01,051 - dq_comparison - INFO - Generating hashes for source data (89999 rows)...
2026-01-05 11:34:21,747 - dq_comparison - INFO - Generating hashes for target data (89999 rows)...
2026-01-05 11:34:42,820 - dq_comparison - INFO - Hash-based Comparison Results (with duplicate handling):
2026-01-05 11:34:42,822 - dq_comparison - INFO -   ‚Ä¢ Unique source hashes: 89796
2026-01-05 11:34:42,823 - dq_comparison - INFO -   ‚Ä¢ Unique target hashes: 89796
2026-01-05 11:34:42,824 - dq_comparison - INFO -   ‚Ä¢ Common hashes: 89796
2026-01-05 11:34:42,824 - dq_comparison - INFO -   ‚Ä¢ Common rows (counting duplicates): 89,999
2026-01-05 11:34:42,825 - dq_comparison - INFO -   ‚Ä¢ Rows only in source (counting duplicates): 0
2026-01-05 11:34:42,826 - dq_comparison - INFO -   ‚Ä¢ Rows only in target (counting duplicates): 0
2026-01-05 11:34:42,886 - dq_comparison - INFO - PERFORMING DETAILED COLUMN-BY-COLUMN COMPARISON...
2026-01-05 11:34:42,886 - dq_comparison - INFO - Will compare 89999 rows (min of source:89999 and target:89999)
2026-01-05 11:35:26,304 - dq_comparison - INFO - Found 0 column value mismatches across all rows
2026-01-05 11:35:26,305 - dq_comparison - INFO - Returning counts for simple scoring:
2026-01-05 11:35:26,305 - dq_comparison - INFO -   Common rows: 89,999
2026-01-05 11:35:26,306 - dq_comparison - INFO -   Unique to source: 0
2026-01-05 11:35:26,307 - dq_comparison - INFO -   Unique to target: 0
2026-01-05 11:35:26,307 - dq_comparison - INFO -   Value mismatches: 0
2026-01-05 11:35:26,348 - dq_comparison - INFO - Analyzing data quality metrics...
2026-01-05 11:35:45,981 - dq_comparison - INFO - Null values - Source: 7439 (0.69%), Target: 7439 (0.69%)
2026-01-05 11:35:46,319 - dq_comparison - INFO - Duplicate rows (normalized) - Source: 203, Target: 203
2026-01-05 11:35:46,441 - dq_comparison - INFO - Source duplicate samples: ['Row 169', 'Row 383', 'Row 639']
2026-01-05 11:35:46,572 - dq_comparison - INFO - Target duplicate samples: ['Row 169', 'Row 383', 'Row 639']
2026-01-05 11:35:46,609 - dq_error_log - INFO - Retrieved 4 errors for session CMP_20260105_113359
2026-01-05 11:35:46,610 - dq_comparison - INFO - 
üìä SIMPLE SCORING CALCULATION:
2026-01-05 11:35:46,610 - dq_comparison - INFO -   Source rows: 89999
2026-01-05 11:35:46,611 - dq_comparison - INFO -   Common rows (matched): 89999
2026-01-05 11:35:46,611 - dq_comparison - INFO -   Calculation: (89999 / 89999) * 100 = 100.00%
2026-01-05 11:35:46,612 - dq_comparison - INFO -   Explanation: 89999 matched rows out of 89999 total source rows
2026-01-05 11:35:46,612 - dq_comparison - INFO - 
=== AUDIT LOGGING SECTION ===
2026-01-05 11:35:46,613 - dq_comparison - INFO - üîç Audit logging is ENABLED in APP_SETTINGS
2026-01-05 11:35:46,614 - dq_audit - INFO - Audit class initialized with database: dq_checks
2026-01-05 11:35:46,615 - dq_comparison - INFO - Attempting to log audit record for session: CMP_20260105_113359
2026-01-05 11:35:46,615 - dq_audit - INFO - Starting database insertion for comparison...
2026-01-05 11:35:46,629 - dq_audit - INFO - Inserted comparison record with ID: 511
2026-01-05 11:35:46,630 - dq_comparison - INFO - ‚úÖ Audit record logged successfully (ID: 511)
2026-01-05 11:35:46,640 - dq_error_log - INFO - Retrieved 4 error logs for session CMP_20260105_113359
2026-01-05 11:35:46,649 - dq_error_log - INFO - Retrieved summary: 4 total errors for session CMP_20260105_113359
2026-01-05 11:35:46,650 - dq_audit - INFO - Audit class initialized with database: dq_checks
2026-01-05 11:35:46,661 - dq_audit - INFO - Retrieved 1 audit logs for session CMP_20260105_113359
2026-01-05 11:35:46,662 - dq_comparison - INFO - 
üîç Final results verification:
2026-01-05 11:35:46,662 - dq_comparison - INFO -    Session ID: CMP_20260105_113359
2026-01-05 11:35:46,663 - dq_comparison - INFO -    DQ Score (Simple %): 100.00%
2026-01-05 11:35:46,663 - dq_comparison - INFO -    Source rows: 89999
2026-01-05 11:35:46,664 - dq_comparison - INFO -    Matched rows: 89999
2026-01-05 11:35:46,664 - dq_comparison - INFO -    Calculation: (89999 / 89999) * 100
2026-01-05 11:35:46,665 - dq_comparison - INFO - Comparison analysis completed successfully
2026-01-05 11:35:46,689 - dq_audit - INFO - Retrieved 1 audit logs for session CMP_20260105_113359
2026-01-05 11:35:46,703 - dq_error_log - INFO - Retrieved 4 error logs for session CMP_20260105_113359
2026-01-05 11:35:46,716 - dq_error_log - INFO - Retrieved summary: 4 total errors for session CMP_20260105_113359
2026-01-05 11:35:46,717 - __main__ - INFO - Comparison completed for session CMP_20260105_113359
2026-01-05 11:35:46,719 - __main__ - INFO - Completed with status 200 in 107.639s
