2026-01-08 16:32:01,162 - __main__ - INFO - üåê API Server Logging Initialized
2026-01-08 16:32:01,164 - __main__ - INFO - üìù Logs saved to: logs/dq_api_20260108_163201.log
2026-01-08 16:32:01,335 - __main__ - INFO - APP_SETTINGS loaded. Audit enabled: True
2026-01-08 16:32:01,337 - __main__ - INFO - ‚úÖ All DQ modules loaded successfully
2026-01-08 16:32:01,342 - dq_error_log - INFO - ErrorLogger initialized with database: dq_checks
2026-01-08 16:32:01,343 - dq_audit - INFO - Audit class initialized with database: dq_checks
2026-01-08 16:32:01,344 - __main__ - INFO - ‚úÖ ErrorLogger and DataQualityAudit initialized
2026-01-08 16:32:01,357 - __main__ - INFO - üöÄ Starting Data Quality Framework API
2026-01-08 16:32:01,358 - __main__ - INFO - üìä Modules available: True
2026-01-08 16:32:01,359 - __main__ - INFO - üîß Config file mode: False
2026-01-08 16:32:01,361 - __main__ - INFO - üìã Available endpoints:
2026-01-08 16:32:01,361 - __main__ - INFO -   GET  /              - API status
2026-01-08 16:32:01,363 - __main__ - INFO -   GET  /api/health    - Health check
2026-01-08 16:32:01,363 - __main__ - INFO -   POST /api/check-single - Single source analysis
2026-01-08 16:32:01,365 - __main__ - INFO -   POST /api/compare   - Source-target comparison
2026-01-08 16:32:01,366 - __main__ - INFO -   POST /api/upload    - File upload
2026-01-08 16:32:01,367 - __main__ - INFO -   GET  /api/sessions  - List sessions
2026-01-08 16:32:01,369 - __main__ - INFO -   GET  /api/sessions/<id> - Get session data
2026-01-08 16:32:01,370 - __main__ - INFO -   GET  /api/debug-db  - Database debug
2026-01-08 16:32:01,371 - __main__ - INFO - üåç Server starting on 0.0.0.0:5000 (debug=False)
2026-01-08 16:32:07,435 - __main__ - INFO - POST /api/compare - Request started
2026-01-08 16:32:07,436 - __main__ - ERROR - Error in comparison: 400 Bad Request: The browser (or proxy) sent a request that this server could not understand.
2026-01-08 16:32:07,438 - __main__ - ERROR - Error in comparison endpoint: 400 Bad Request: The browser (or proxy) sent a request that this server could not understand.
2026-01-08 16:32:07,474 - __main__ - ERROR - Full traceback:
Traceback (most recent call last):
  File "C:\Users\003160\AppData\Local\Programs\Python\Python312\Lib\site-packages\werkzeug\wrappers\request.py", line 614, in get_json
    rv = self.json_module.loads(data)
         ^^^^^^^^^^^^^^^^^^^^^^^^^^^^
  File "C:\Users\003160\AppData\Local\Programs\Python\Python312\Lib\site-packages\flask\json\provider.py", line 188, in loads
    return json.loads(s, **kwargs)
           ^^^^^^^^^^^^^^^^^^^^^^^
  File "C:\Users\003160\AppData\Local\Programs\Python\Python312\Lib\json\__init__.py", line 346, in loads
    return _default_decoder.decode(s)
           ^^^^^^^^^^^^^^^^^^^^^^^^^^
  File "C:\Users\003160\AppData\Local\Programs\Python\Python312\Lib\json\decoder.py", line 337, in decode
    obj, end = self.raw_decode(s, idx=_w(s, 0).end())
               ^^^^^^^^^^^^^^^^^^^^^^^^^^^^^^^^^^^^^^
  File "C:\Users\003160\AppData\Local\Programs\Python\Python312\Lib\json\decoder.py", line 353, in raw_decode
    obj, end = self.scan_once(s, idx)
               ^^^^^^^^^^^^^^^^^^^^^^
json.decoder.JSONDecodeError: Expecting property name enclosed in double quotes: line 1 column 2 (char 1)

During handling of the above exception, another exception occurred:

Traceback (most recent call last):
  File "C:\Users\003160\AppData\Local\Programs\Python\Python312\Lib\site-packages\flask\wrappers.py", line 130, in on_json_loading_failed
    return super().on_json_loading_failed(e)
           ^^^^^^^^^^^^^^^^^^^^^^^^^^^^^^^^^
  File "C:\Users\003160\AppData\Local\Programs\Python\Python312\Lib\site-packages\werkzeug\wrappers\request.py", line 648, in on_json_loading_failed
    raise BadRequest(f"Failed to decode JSON object: {e}")
werkzeug.exceptions.BadRequest: 400 Bad Request: Failed to decode JSON object: Expecting property name enclosed in double quotes: line 1 column 2 (char 1)

The above exception was the direct cause of the following exception:

Traceback (most recent call last):
  File "C:\Users\003160\OneDrive - wisseninfotech.com\Documents\DQ-Checks-Shashi\Data_Quality_Framework\run_api.py", line 1188, in source_target_comparison
    data = request.get_json()
           ^^^^^^^^^^^^^^^^^^
  File "C:\Users\003160\AppData\Local\Programs\Python\Python312\Lib\site-packages\werkzeug\wrappers\request.py", line 623, in get_json
    rv = self.on_json_loading_failed(e)
         ^^^^^^^^^^^^^^^^^^^^^^^^^^^^^^
  File "C:\Users\003160\AppData\Local\Programs\Python\Python312\Lib\site-packages\flask\wrappers.py", line 135, in on_json_loading_failed
    raise BadRequest() from e
werkzeug.exceptions.BadRequest: 400 Bad Request: The browser (or proxy) sent a request that this server could not understand.

2026-01-08 16:32:07,477 - __main__ - INFO - Completed with status 500 in 0.042s
2026-01-08 16:33:42,926 - __main__ - INFO - POST /api/compare - Request started
2026-01-08 16:33:42,927 - __main__ - ERROR - Error in comparison: 400 Bad Request: The browser (or proxy) sent a request that this server could not understand.
2026-01-08 16:33:42,929 - __main__ - ERROR - Error in comparison endpoint: 400 Bad Request: The browser (or proxy) sent a request that this server could not understand.
2026-01-08 16:33:42,934 - __main__ - ERROR - Full traceback:
Traceback (most recent call last):
  File "C:\Users\003160\AppData\Local\Programs\Python\Python312\Lib\site-packages\werkzeug\wrappers\request.py", line 614, in get_json
    rv = self.json_module.loads(data)
         ^^^^^^^^^^^^^^^^^^^^^^^^^^^^
  File "C:\Users\003160\AppData\Local\Programs\Python\Python312\Lib\site-packages\flask\json\provider.py", line 188, in loads
    return json.loads(s, **kwargs)
           ^^^^^^^^^^^^^^^^^^^^^^^
  File "C:\Users\003160\AppData\Local\Programs\Python\Python312\Lib\json\__init__.py", line 346, in loads
    return _default_decoder.decode(s)
           ^^^^^^^^^^^^^^^^^^^^^^^^^^
  File "C:\Users\003160\AppData\Local\Programs\Python\Python312\Lib\json\decoder.py", line 337, in decode
    obj, end = self.raw_decode(s, idx=_w(s, 0).end())
               ^^^^^^^^^^^^^^^^^^^^^^^^^^^^^^^^^^^^^^
  File "C:\Users\003160\AppData\Local\Programs\Python\Python312\Lib\json\decoder.py", line 353, in raw_decode
    obj, end = self.scan_once(s, idx)
               ^^^^^^^^^^^^^^^^^^^^^^
json.decoder.JSONDecodeError: Expecting property name enclosed in double quotes: line 1 column 2 (char 1)

During handling of the above exception, another exception occurred:

Traceback (most recent call last):
  File "C:\Users\003160\AppData\Local\Programs\Python\Python312\Lib\site-packages\flask\wrappers.py", line 130, in on_json_loading_failed
    return super().on_json_loading_failed(e)
           ^^^^^^^^^^^^^^^^^^^^^^^^^^^^^^^^^
  File "C:\Users\003160\AppData\Local\Programs\Python\Python312\Lib\site-packages\werkzeug\wrappers\request.py", line 648, in on_json_loading_failed
    raise BadRequest(f"Failed to decode JSON object: {e}")
werkzeug.exceptions.BadRequest: 400 Bad Request: Failed to decode JSON object: Expecting property name enclosed in double quotes: line 1 column 2 (char 1)

The above exception was the direct cause of the following exception:

Traceback (most recent call last):
  File "C:\Users\003160\OneDrive - wisseninfotech.com\Documents\DQ-Checks-Shashi\Data_Quality_Framework\run_api.py", line 1188, in source_target_comparison
    data = request.get_json()
           ^^^^^^^^^^^^^^^^^^
  File "C:\Users\003160\AppData\Local\Programs\Python\Python312\Lib\site-packages\werkzeug\wrappers\request.py", line 623, in get_json
    rv = self.on_json_loading_failed(e)
         ^^^^^^^^^^^^^^^^^^^^^^^^^^^^^^
  File "C:\Users\003160\AppData\Local\Programs\Python\Python312\Lib\site-packages\flask\wrappers.py", line 135, in on_json_loading_failed
    raise BadRequest() from e
werkzeug.exceptions.BadRequest: 400 Bad Request: The browser (or proxy) sent a request that this server could not understand.

2026-01-08 16:33:42,935 - __main__ - INFO - Completed with status 500 in 0.009s
